\BOOKMARK [1][-]{section.1}{Introdu\347\343o}{}% 1
\BOOKMARK [1][-]{section.2}{Plano de Trabalho}{}% 2
\BOOKMARK [2][-]{subsection.2.1}{Resumo do Plano Inicial}{section.2}% 3
\BOOKMARK [2][-]{subsection.2.2}{Cronograma}{section.2}% 4
\BOOKMARK [1][-]{section.3}{Resumo das Atividades Realizadas no Per\355odo}{}% 5
\BOOKMARK [2][-]{subsection.3.1}{Atividades T\351cnicas Previstas no Cronograma do Projeto}{section.3}% 6
\BOOKMARK [2][-]{subsection.3.2}{Disciplinas Regulares do Curso de Doutorado do ICMC/USP}{section.3}% 7
\BOOKMARK [2][-]{subsection.3.3}{Estudo sobre Reengenharia de Software}{section.3}% 8
\BOOKMARK [2][-]{subsection.3.4}{Estudo sobre Desenvolvimento Dirigido a Modelos}{section.3}% 9
\BOOKMARK [2][-]{subsection.3.5}{Estudo sobre Moderniza\347\343o Dirigida \340 Arquitetura}{section.3}% 10
\BOOKMARK [2][-]{subsection.3.6}{Revis\343o Bibliogr\341fica Sistem\341tica}{section.3}% 11
\BOOKMARK [2][-]{subsection.3.7}{Publica\347\365es, Participa\347\343o em Eventos Cient\355ficos e Apresenta\347\365es de Trabalhos}{section.3}% 12
\BOOKMARK [2][-]{subsection.3.8}{Organiza\347\343o da Proposta}{section.3}% 13
\BOOKMARK [1][-]{section.4}{Fundamenta\347\343o Te\363rica}{}% 14
\BOOKMARK [2][-]{subsection.4.1}{Minera\347\343o de Padr\365es de Projeto}{section.4}% 15
\BOOKMARK [2][-]{subsection.4.2}{Minera\347\343o de Interesses Transversais}{section.4}% 16
\BOOKMARK [1][-]{section.5}{Proposta}{}% 17
\BOOKMARK [2][-]{subsection.5.1}{Objetivos}{section.5}% 18
\BOOKMARK [2][-]{subsection.5.2}{Desafios de Pesquisa com Rela\347\343o ao Projeto}{section.5}% 19
\BOOKMARK [2][-]{subsection.5.3}{Metodologia}{section.5}% 20
\BOOKMARK [3][-]{subsubsection.5.3.1}{Atividades e Cronograma}{subsection.5.3}% 21
\BOOKMARK [2][-]{subsection.5.4}{Avalia\347\343o}{section.5}% 22
\BOOKMARK [2][-]{subsection.5.5}{Resultados Esperados}{section.5}% 23
\BOOKMARK [1][-]{section.6}{Trabalhos Relacionados}{}% 24
