This is pdfTeX, Version 3.1415926-2.5-1.40.14 (TeX Live 2013) (format=pdflatex 2013.9.25)  13 NOV 2014 10:59
entering extended mode
 \write18 enabled.
 file:line:error style messages enabled.
 %&-line parsing enabled.
**"/Users/rafaeldurelli/Dropbox/doutorado/Relatorio Fapesp/Segundo_relatorio_fapesp_rafael_Durelli/TSWLatexianTemp_000001.tex"
(/Users/rafaeldurelli/Dropbox/doutorado/Relatorio Fapesp/Segundo_relatorio_fapesp_rafael_Durelli/TSWLatexianTemp_000001.tex
LaTeX2e <2011/06/27>
Babel <3.9f> and hyphenation patterns for 78 languages loaded.
(/usr/local/texlive/2013/texmf-dist/tex/latex/base/article.cls
Document Class: article 2007/10/19 v1.4h Standard LaTeX document class
(/usr/local/texlive/2013/texmf-dist/tex/latex/base/size11.clo
File: size11.clo 2007/10/19 v1.4h Standard LaTeX file (size option)
)
\c@part=\count79
\c@section=\count80
\c@subsection=\count81
\c@subsubsection=\count82
\c@paragraph=\count83
\c@subparagraph=\count84
\c@figure=\count85
\c@table=\count86
\abovecaptionskip=\skip41
\belowcaptionskip=\skip42
\bibindent=\dimen102
) (/usr/local/texlive/2013/texmf-dist/tex/generic/babel/babel.sty
Package: babel 2013/05/16 v3.9f The Babel package
 (/usr/local/texlive/2013/texmf-dist/tex/generic/babel-portuges/portuges.ldf
Language: portuges 2008/03/18 v1.2q Portuguese support from the babel system
 (/usr/local/texlive/2013/texmf-dist/tex/generic/babel/babel.def
File: babel.def 2013/05/16 v3.9f Babel common definitions
\babel@savecnt=\count87
\U@D=\dimen103
)
\l@brazilian = a dialect from \language\l@portuges 
Package babel Info: Making " an active character on input line 145.
)) (/usr/local/texlive/2013/texmf-dist/tex/latex/base/inputenc.sty
Package: inputenc 2008/03/30 v1.1d Input encoding file
\inpenc@prehook=\toks14
\inpenc@posthook=\toks15
 (/usr/local/texlive/2013/texmf-dist/tex/latex/base/utf8.def
File: utf8.def 2008/04/05 v1.1m UTF-8 support for inputenc
Now handling font encoding OML ...
... no UTF-8 mapping file for font encoding OML
Now handling font encoding T1 ...
... processing UTF-8 mapping file for font encoding T1
 (/usr/local/texlive/2013/texmf-dist/tex/latex/base/t1enc.dfu
File: t1enc.dfu 2008/04/05 v1.1m UTF-8 support for inputenc
   defining Unicode char U+00A1 (decimal 161)
   defining Unicode char U+00A3 (decimal 163)
   defining Unicode char U+00AB (decimal 171)
   defining Unicode char U+00BB (decimal 187)
   defining Unicode char U+00BF (decimal 191)
   defining Unicode char U+00C0 (decimal 192)
   defining Unicode char U+00C1 (decimal 193)
   defining Unicode char U+00C2 (decimal 194)
   defining Unicode char U+00C3 (decimal 195)
   defining Unicode char U+00C4 (decimal 196)
   defining Unicode char U+00C5 (decimal 197)
   defining Unicode char U+00C6 (decimal 198)
   defining Unicode char U+00C7 (decimal 199)
   defining Unicode char U+00C8 (decimal 200)
   defining Unicode char U+00C9 (decimal 201)
   defining Unicode char U+00CA (decimal 202)
   defining Unicode char U+00CB (decimal 203)
   defining Unicode char U+00CC (decimal 204)
   defining Unicode char U+00CD (decimal 205)
   defining Unicode char U+00CE (decimal 206)
   defining Unicode char U+00CF (decimal 207)
   defining Unicode char U+00D0 (decimal 208)
   defining Unicode char U+00D1 (decimal 209)
   defining Unicode char U+00D2 (decimal 210)
   defining Unicode char U+00D3 (decimal 211)
   defining Unicode char U+00D4 (decimal 212)
   defining Unicode char U+00D5 (decimal 213)
   defining Unicode char U+00D6 (decimal 214)
   defining Unicode char U+00D8 (decimal 216)
   defining Unicode char U+00D9 (decimal 217)
   defining Unicode char U+00DA (decimal 218)
   defining Unicode char U+00DB (decimal 219)
   defining Unicode char U+00DC (decimal 220)
   defining Unicode char U+00DD (decimal 221)
   defining Unicode char U+00DE (decimal 222)
   defining Unicode char U+00DF (decimal 223)
   defining Unicode char U+00E0 (decimal 224)
   defining Unicode char U+00E1 (decimal 225)
   defining Unicode char U+00E2 (decimal 226)
   defining Unicode char U+00E3 (decimal 227)
   defining Unicode char U+00E4 (decimal 228)
   defining Unicode char U+00E5 (decimal 229)
   defining Unicode char U+00E6 (decimal 230)
   defining Unicode char U+00E7 (decimal 231)
   defining Unicode char U+00E8 (decimal 232)
   defining Unicode char U+00E9 (decimal 233)
   defining Unicode char U+00EA (decimal 234)
   defining Unicode char U+00EB (decimal 235)
   defining Unicode char U+00EC (decimal 236)
   defining Unicode char U+00ED (decimal 237)
   defining Unicode char U+00EE (decimal 238)
   defining Unicode char U+00EF (decimal 239)
   defining Unicode char U+00F0 (decimal 240)
   defining Unicode char U+00F1 (decimal 241)
   defining Unicode char U+00F2 (decimal 242)
   defining Unicode char U+00F3 (decimal 243)
   defining Unicode char U+00F4 (decimal 244)
   defining Unicode char U+00F5 (decimal 245)
   defining Unicode char U+00F6 (decimal 246)
   defining Unicode char U+00F8 (decimal 248)
   defining Unicode char U+00F9 (decimal 249)
   defining Unicode char U+00FA (decimal 250)
   defining Unicode char U+00FB (decimal 251)
   defining Unicode char U+00FC (decimal 252)
   defining Unicode char U+00FD (decimal 253)
   defining Unicode char U+00FE (decimal 254)
   defining Unicode char U+00FF (decimal 255)
   defining Unicode char U+0102 (decimal 258)
   defining Unicode char U+0103 (decimal 259)
   defining Unicode char U+0104 (decimal 260)
   defining Unicode char U+0105 (decimal 261)
   defining Unicode char U+0106 (decimal 262)
   defining Unicode char U+0107 (decimal 263)
   defining Unicode char U+010C (decimal 268)
   defining Unicode char U+010D (decimal 269)
   defining Unicode char U+010E (decimal 270)
   defining Unicode char U+010F (decimal 271)
   defining Unicode char U+0110 (decimal 272)
   defining Unicode char U+0111 (decimal 273)
   defining Unicode char U+0118 (decimal 280)
   defining Unicode char U+0119 (decimal 281)
   defining Unicode char U+011A (decimal 282)
   defining Unicode char U+011B (decimal 283)
   defining Unicode char U+011E (decimal 286)
   defining Unicode char U+011F (decimal 287)
   defining Unicode char U+0130 (decimal 304)
   defining Unicode char U+0131 (decimal 305)
   defining Unicode char U+0132 (decimal 306)
   defining Unicode char U+0133 (decimal 307)
   defining Unicode char U+0139 (decimal 313)
   defining Unicode char U+013A (decimal 314)
   defining Unicode char U+013D (decimal 317)
   defining Unicode char U+013E (decimal 318)
   defining Unicode char U+0141 (decimal 321)
   defining Unicode char U+0142 (decimal 322)
   defining Unicode char U+0143 (decimal 323)
   defining Unicode char U+0144 (decimal 324)
   defining Unicode char U+0147 (decimal 327)
   defining Unicode char U+0148 (decimal 328)
   defining Unicode char U+014A (decimal 330)
   defining Unicode char U+014B (decimal 331)
   defining Unicode char U+0150 (decimal 336)
   defining Unicode char U+0151 (decimal 337)
   defining Unicode char U+0152 (decimal 338)
   defining Unicode char U+0153 (decimal 339)
   defining Unicode char U+0154 (decimal 340)
   defining Unicode char U+0155 (decimal 341)
   defining Unicode char U+0158 (decimal 344)
   defining Unicode char U+0159 (decimal 345)
   defining Unicode char U+015A (decimal 346)
   defining Unicode char U+015B (decimal 347)
   defining Unicode char U+015E (decimal 350)
   defining Unicode char U+015F (decimal 351)
   defining Unicode char U+0160 (decimal 352)
   defining Unicode char U+0161 (decimal 353)
   defining Unicode char U+0162 (decimal 354)
   defining Unicode char U+0163 (decimal 355)
   defining Unicode char U+0164 (decimal 356)
   defining Unicode char U+0165 (decimal 357)
   defining Unicode char U+016E (decimal 366)
   defining Unicode char U+016F (decimal 367)
   defining Unicode char U+0170 (decimal 368)
   defining Unicode char U+0171 (decimal 369)
   defining Unicode char U+0178 (decimal 376)
   defining Unicode char U+0179 (decimal 377)
   defining Unicode char U+017A (decimal 378)
   defining Unicode char U+017B (decimal 379)
   defining Unicode char U+017C (decimal 380)
   defining Unicode char U+017D (decimal 381)
   defining Unicode char U+017E (decimal 382)
   defining Unicode char U+200C (decimal 8204)
   defining Unicode char U+2013 (decimal 8211)
   defining Unicode char U+2014 (decimal 8212)
   defining Unicode char U+2018 (decimal 8216)
   defining Unicode char U+2019 (decimal 8217)
   defining Unicode char U+201A (decimal 8218)
   defining Unicode char U+201C (decimal 8220)
   defining Unicode char U+201D (decimal 8221)
   defining Unicode char U+201E (decimal 8222)
   defining Unicode char U+2030 (decimal 8240)
   defining Unicode char U+2031 (decimal 8241)
   defining Unicode char U+2039 (decimal 8249)
   defining Unicode char U+203A (decimal 8250)
   defining Unicode char U+2423 (decimal 9251)
)
Now handling font encoding OT1 ...
... processing UTF-8 mapping file for font encoding OT1
 (/usr/local/texlive/2013/texmf-dist/tex/latex/base/ot1enc.dfu
File: ot1enc.dfu 2008/04/05 v1.1m UTF-8 support for inputenc
   defining Unicode char U+00A1 (decimal 161)
   defining Unicode char U+00A3 (decimal 163)
   defining Unicode char U+00B8 (decimal 184)
   defining Unicode char U+00BF (decimal 191)
   defining Unicode char U+00C5 (decimal 197)
   defining Unicode char U+00C6 (decimal 198)
   defining Unicode char U+00D8 (decimal 216)
   defining Unicode char U+00DF (decimal 223)
   defining Unicode char U+00E6 (decimal 230)
   defining Unicode char U+00EC (decimal 236)
   defining Unicode char U+00ED (decimal 237)
   defining Unicode char U+00EE (decimal 238)
   defining Unicode char U+00EF (decimal 239)
   defining Unicode char U+00F8 (decimal 248)
   defining Unicode char U+0131 (decimal 305)
   defining Unicode char U+0141 (decimal 321)
   defining Unicode char U+0142 (decimal 322)
   defining Unicode char U+0152 (decimal 338)
   defining Unicode char U+0153 (decimal 339)
   defining Unicode char U+2013 (decimal 8211)
   defining Unicode char U+2014 (decimal 8212)
   defining Unicode char U+2018 (decimal 8216)
   defining Unicode char U+2019 (decimal 8217)
   defining Unicode char U+201C (decimal 8220)
   defining Unicode char U+201D (decimal 8221)
)
Now handling font encoding OMS ...
... processing UTF-8 mapping file for font encoding OMS
 (/usr/local/texlive/2013/texmf-dist/tex/latex/base/omsenc.dfu
File: omsenc.dfu 2008/04/05 v1.1m UTF-8 support for inputenc
   defining Unicode char U+00A7 (decimal 167)
   defining Unicode char U+00B6 (decimal 182)
   defining Unicode char U+00B7 (decimal 183)
   defining Unicode char U+2020 (decimal 8224)
   defining Unicode char U+2021 (decimal 8225)
   defining Unicode char U+2022 (decimal 8226)
)
Now handling font encoding OMX ...
... no UTF-8 mapping file for font encoding OMX
Now handling font encoding U ...
... no UTF-8 mapping file for font encoding U
   defining Unicode char U+00A9 (decimal 169)
   defining Unicode char U+00AA (decimal 170)
   defining Unicode char U+00AE (decimal 174)
   defining Unicode char U+00BA (decimal 186)
   defining Unicode char U+02C6 (decimal 710)
   defining Unicode char U+02DC (decimal 732)
   defining Unicode char U+200C (decimal 8204)
   defining Unicode char U+2026 (decimal 8230)
   defining Unicode char U+2122 (decimal 8482)
   defining Unicode char U+2423 (decimal 9251)
)) (/usr/local/texlive/2013/texmf-dist/tex/latex/base/fontenc.sty
Package: fontenc 2005/09/27 v1.99g Standard LaTeX package
 (/usr/local/texlive/2013/texmf-dist/tex/latex/base/t1enc.def
File: t1enc.def 2005/09/27 v1.99g Standard LaTeX file
LaTeX Font Info:    Redeclaring font encoding T1 on input line 43.
)) (/usr/local/texlive/2013/texmf-dist/tex/latex/graphics/epsfig.sty
Package: epsfig 1999/02/16 v1.7a (e)psfig emulation (SPQR)
 (/usr/local/texlive/2013/texmf-dist/tex/latex/graphics/graphicx.sty
Package: graphicx 1999/02/16 v1.0f Enhanced LaTeX Graphics (DPC,SPQR)
 (/usr/local/texlive/2013/texmf-dist/tex/latex/graphics/keyval.sty
Package: keyval 1999/03/16 v1.13 key=value parser (DPC)
\KV@toks@=\toks16
) (/usr/local/texlive/2013/texmf-dist/tex/latex/graphics/graphics.sty
Package: graphics 2009/02/05 v1.0o Standard LaTeX Graphics (DPC,SPQR)
 (/usr/local/texlive/2013/texmf-dist/tex/latex/graphics/trig.sty
Package: trig 1999/03/16 v1.09 sin cos tan (DPC)
) (/usr/local/texlive/2013/texmf-dist/tex/latex/latexconfig/graphics.cfg
File: graphics.cfg 2010/04/23 v1.9 graphics configuration of TeX Live
)
Package graphics Info: Driver file: pdftex.def on input line 91.
 (/usr/local/texlive/2013/texmf-dist/tex/latex/pdftex-def/pdftex.def
File: pdftex.def 2011/05/27 v0.06d Graphics/color for pdfTeX
 (/usr/local/texlive/2013/texmf-dist/tex/generic/oberdiek/infwarerr.sty
Package: infwarerr 2010/04/08 v1.3 Providing info/warning/error messages (HO)
) (/usr/local/texlive/2013/texmf-dist/tex/generic/oberdiek/ltxcmds.sty
Package: ltxcmds 2011/11/09 v1.22 LaTeX kernel commands for general use (HO)
)
\Gread@gobject=\count88
))
\Gin@req@height=\dimen104
\Gin@req@width=\dimen105
)
\epsfxsize=\dimen106
\epsfysize=\dimen107
) (/usr/local/texlive/2013/texmf-dist/tex/latex/tools/array.sty
Package: array 2008/09/09 v2.4c Tabular extension package (FMi)
\col@sep=\dimen108
\extrarowheight=\dimen109
\NC@list=\toks17
\extratabsurround=\skip43
\backup@length=\skip44
) (/usr/local/texlive/2013/texmf-dist/tex/latex/psnfss/pifont.sty
Package: pifont 2005/04/12 PSNFSS-v9.2a Pi font support (SPQR) 
LaTeX Font Info:    Try loading font information for U+pzd on input line 63.
 (/usr/local/texlive/2013/texmf-dist/tex/latex/psnfss/upzd.fd
File: upzd.fd 2001/06/04 font definitions for U/pzd.
)
LaTeX Font Info:    Try loading font information for U+psy on input line 64.
 (/usr/local/texlive/2013/texmf-dist/tex/latex/psnfss/upsy.fd
File: upsy.fd 2001/06/04 font definitions for U/psy.
)) (/usr/local/texlive/2013/texmf-dist/tex/latex/koma-script/scrextend.sty
Package: scrextend 2012/07/29 v3.11b KOMA-Script KOMA-Script package (extend other classes with features of KOMA-Script classes)
 (/usr/local/texlive/2013/texmf-dist/tex/latex/koma-script/scrkbase.sty
Package: scrkbase 2012/07/29 v3.11b KOMA-Script package (KOMA-Script-dependent basics and keyval usage)
 (/usr/local/texlive/2013/texmf-dist/tex/latex/koma-script/scrbase.sty
Package: scrbase 2012/07/29 v3.11b KOMA-Script package (KOMA-Script-independent basics and keyval usage)
 (/usr/local/texlive/2013/texmf-dist/tex/latex/koma-script/scrlfile.sty
Package: scrlfile 2012/06/15 v3.12 KOMA-Script package (loading files)

Package scrlfile, 2012/06/15 v3.12 KOMA-Script package (loading files)
                  Copyright (C) Markus Kohm

)))) (/usr/local/texlive/2013/texmf-dist/tex/latex/url/url.sty
\Urlmuskip=\muskip10
Package: url 2006/04/12  ver 3.3  Verb mode for urls, etc.
) (/usr/local/texlive/2013/texmf-dist/tex/latex/graphics/color.sty
Package: color 2005/11/14 v1.0j Standard LaTeX Color (DPC)
 (/usr/local/texlive/2013/texmf-dist/tex/latex/latexconfig/color.cfg
File: color.cfg 2007/01/18 v1.5 color configuration of teTeX/TeXLive
)
Package color Info: Driver file: pdftex.def on input line 130.
) (/usr/local/texlive/2013/texmf-dist/tex/latex/rotating/rotating.sty
Package: rotating 2009/03/28 v2.16a rotated objects in LaTeX
 (/usr/local/texlive/2013/texmf-dist/tex/latex/base/ifthen.sty
Package: ifthen 2001/05/26 v1.1c Standard LaTeX ifthen package (DPC)
)
\c@r@tfl@t=\count89
\rotFPtop=\skip45
\rotFPbot=\skip46
\rot@float@box=\box26
\rot@mess@toks=\toks18
) (/usr/local/texlive/2013/texmf-dist/tex/latex/pdfpages/pdfpages.sty
Package: pdfpages 2012/08/31 v0.4t Insert pages of external PDF documents (AM)
 (/usr/local/texlive/2013/texmf-dist/tex/latex/tools/calc.sty
Package: calc 2007/08/22 v4.3 Infix arithmetic (KKT,FJ)
\calc@Acount=\count90
\calc@Bcount=\count91
\calc@Adimen=\dimen110
\calc@Bdimen=\dimen111
\calc@Askip=\skip47
\calc@Bskip=\skip48
LaTeX Info: Redefining \setlength on input line 76.
LaTeX Info: Redefining \addtolength on input line 77.
\calc@Ccount=\count92
\calc@Cskip=\skip49
) (/usr/local/texlive/2013/texmf-dist/tex/latex/eso-pic/eso-pic.sty
Package: eso-pic 2010/10/06 v2.0c eso-pic (RN)
 (/usr/local/texlive/2013/texmf-dist/tex/generic/oberdiek/atbegshi.sty
Package: atbegshi 2011/10/05 v1.16 At begin shipout hook (HO)
 (/usr/local/texlive/2013/texmf-dist/tex/generic/oberdiek/ifpdf.sty
Package: ifpdf 2011/01/30 v2.3 Provides the ifpdf switch (HO)
Package ifpdf Info: pdfTeX in PDF mode is detected.
))) (/usr/local/texlive/2013/texmf-dist/tex/latex/pdfpages/pppdftex.def
File: pppdftex.def 2012/08/31 v0.4t Pdfpages driver for pdfTeX (AM)
)
\AM@pagebox=\box27
\AM@toc@title=\toks19
\c@AM@survey=\count93
\AM@templatesizebox=\box28
) (/usr/local/texlive/2013/texmf-dist/tex/latex/subfigure/subfigure.sty
Package: subfigure 2002/03/15 v2.1.5 subfigure package
\subfigtopskip=\skip50
\subfigcapskip=\skip51
\subfigcaptopadj=\dimen112
\subfigbottomskip=\skip52
\subfigcapmargin=\dimen113
\subfiglabelskip=\skip53
\c@subfigure=\count94
\c@lofdepth=\count95
\c@subtable=\count96
\c@lotdepth=\count97

****************************************
* Local config file subfigure.cfg used *
****************************************
(/usr/local/texlive/2013/texmf-dist/tex/latex/subfigure/subfigure.cfg)
\subfig@top=\skip54
\subfig@bottom=\skip55
) (/usr/local/texlive/2013/texmf-dist/tex/latex/xcolor/xcolor.sty
Package: xcolor 2007/01/21 v2.11 LaTeX color extensions (UK)
 (/usr/local/texlive/2013/texmf-dist/tex/latex/latexconfig/color.cfg
File: color.cfg 2007/01/18 v1.5 color configuration of teTeX/TeXLive
)
Package xcolor Info: Driver file: pdftex.def on input line 225.
 (/usr/local/texlive/2013/texmf-dist/tex/latex/colortbl/colortbl.sty
Package: colortbl 2012/02/13 v1.0a Color table columns (DPC)
\everycr=\toks20
\minrowclearance=\skip56
)
LaTeX Info: Redefining \color on input line 702.
\rownum=\count98
Package xcolor Info: Model `cmy' substituted by `cmy0' on input line 1337.
Package xcolor Info: Model `hsb' substituted by `rgb' on input line 1341.
Package xcolor Info: Model `RGB' extended on input line 1353.
Package xcolor Info: Model `HTML' substituted by `rgb' on input line 1355.
Package xcolor Info: Model `Hsb' substituted by `hsb' on input line 1356.
Package xcolor Info: Model `tHsb' substituted by `hsb' on input line 1357.
Package xcolor Info: Model `HSB' substituted by `hsb' on input line 1358.
Package xcolor Info: Model `Gray' substituted by `gray' on input line 1359.
Package xcolor Info: Model `wave' substituted by `hsb' on input line 1360.
) (/usr/local/texlive/2013/texmf-dist/tex/latex/tools/xspace.sty
Package: xspace 2009/10/20 v1.13 Space after command names (DPC,MH)
) (/usr/local/texlive/2013/texmf-dist/tex/latex/geometry/geometry.sty
Package: geometry 2010/09/12 v5.6 Page Geometry
 (/usr/local/texlive/2013/texmf-dist/tex/generic/oberdiek/ifvtex.sty
Package: ifvtex 2010/03/01 v1.5 Detect VTeX and its facilities (HO)
Package ifvtex Info: VTeX not detected.
) (/usr/local/texlive/2013/texmf-dist/tex/generic/ifxetex/ifxetex.sty
Package: ifxetex 2010/09/12 v0.6 Provides ifxetex conditional
)
\Gm@cnth=\count99
\Gm@cntv=\count100
\c@Gm@tempcnt=\count101
\Gm@bindingoffset=\dimen114
\Gm@wd@mp=\dimen115
\Gm@odd@mp=\dimen116
\Gm@even@mp=\dimen117
\Gm@layoutwidth=\dimen118
\Gm@layoutheight=\dimen119
\Gm@layouthoffset=\dimen120
\Gm@layoutvoffset=\dimen121
\Gm@dimlist=\toks21
) (/usr/local/texlive/2013/texmf-dist/tex/latex/natbib/natbib.sty
Package: natbib 2010/09/13 8.31b (PWD, AO)
\bibhang=\skip57
\bibsep=\skip58
LaTeX Info: Redefining \cite on input line 694.
\c@NAT@ctr=\count102
) (/usr/local/texlive/2013/texmf-dist/tex/latex/fancyhdr/fancyhdr.sty
\fancy@headwidth=\skip59
\f@ncyO@elh=\skip60
\f@ncyO@erh=\skip61
\f@ncyO@olh=\skip62
\f@ncyO@orh=\skip63
\f@ncyO@elf=\skip64
\f@ncyO@erf=\skip65
\f@ncyO@olf=\skip66
\f@ncyO@orf=\skip67
) (/usr/local/texlive/2013/texmf-dist/tex/latex/setspace/setspace.sty
Package: setspace 2011/12/19 v6.7a set line spacing
) (/usr/local/texlive/2013/texmf-dist/tex/latex/graphics/lscape.sty
Package: lscape 2000/10/22 v3.01 Landscape Pages (DPC)
) (/usr/local/texlive/2013/texmf-dist/tex/latex/listings/listings.sty
\lst@mode=\count103
\lst@gtempboxa=\box29
\lst@token=\toks22
\lst@length=\count104
\lst@currlwidth=\dimen122
\lst@column=\count105
\lst@pos=\count106
\lst@lostspace=\dimen123
\lst@width=\dimen124
\lst@newlines=\count107
\lst@lineno=\count108
\lst@maxwidth=\dimen125
 (/usr/local/texlive/2013/texmf-dist/tex/latex/listings/lstmisc.sty
File: lstmisc.sty 2007/02/22 1.4 (Carsten Heinz)
\c@lstnumber=\count109
\lst@skipnumbers=\count110
\lst@framebox=\box30
) (/usr/local/texlive/2013/texmf-dist/tex/latex/listings/listings.cfg
File: listings.cfg 2007/02/22 1.4 listings configuration
))
Package: listings 2007/02/22 1.4 (Carsten Heinz)
 (./TSWLatexianTemp_000001.aux

LaTeX Warning: Label `anexos' multiply defined.


LaTeX Warning: Label `fig:comprovante_vmil' multiply defined.


LaTeX Warning: Label `fig:comprovante_vmil' multiply defined.


LaTeX Warning: Label `anexo:comprovante_SBES' multiply defined.


LaTeX Warning: Label `fig:comprovante_vmil' multiply defined.


LaTeX Warning: Label `anexo:comprovante_SBES' multiply defined.


LaTeX Warning: Label `fig:comprovante_vmil' multiply defined.

)
\openout1 = `TSWLatexianTemp_000001.aux'.

LaTeX Font Info:    Checking defaults for OML/cmm/m/it on input line 52.
LaTeX Font Info:    ... okay on input line 52.
LaTeX Font Info:    Checking defaults for T1/cmr/m/n on input line 52.
LaTeX Font Info:    ... okay on input line 52.
LaTeX Font Info:    Checking defaults for OT1/cmr/m/n on input line 52.
LaTeX Font Info:    ... okay on input line 52.
LaTeX Font Info:    Checking defaults for OMS/cmsy/m/n on input line 52.
LaTeX Font Info:    ... okay on input line 52.
LaTeX Font Info:    Checking defaults for OMX/cmex/m/n on input line 52.
LaTeX Font Info:    ... okay on input line 52.
LaTeX Font Info:    Checking defaults for U/cmr/m/n on input line 52.
LaTeX Font Info:    ... okay on input line 52.
 (/usr/local/texlive/2013/texmf-dist/tex/context/base/supp-pdf.mkii
[Loading MPS to PDF converter (version 2006.09.02).]
\scratchcounter=\count111
\scratchdimen=\dimen126
\scratchbox=\box31
\nofMPsegments=\count112
\nofMParguments=\count113
\everyMPshowfont=\toks23
\MPscratchCnt=\count114
\MPscratchDim=\dimen127
\MPnumerator=\count115
\makeMPintoPDFobject=\count116
\everyMPtoPDFconversion=\toks24
) (/usr/local/texlive/2013/texmf-dist/tex/generic/oberdiek/pdftexcmds.sty
Package: pdftexcmds 2011/11/29 v0.20 Utility functions of pdfTeX for LuaTeX (HO)
 (/usr/local/texlive/2013/texmf-dist/tex/generic/oberdiek/ifluatex.sty
Package: ifluatex 2010/03/01 v1.3 Provides the ifluatex switch (HO)
Package ifluatex Info: LuaTeX not detected.
)
Package pdftexcmds Info: LuaTeX not detected.
Package pdftexcmds Info: \pdf@primitive is available.
Package pdftexcmds Info: \pdf@ifprimitive is available.
Package pdftexcmds Info: \pdfdraftmode found.
) (/usr/local/texlive/2013/texmf-dist/tex/latex/oberdiek/epstopdf-base.sty
Package: epstopdf-base 2010/02/09 v2.5 Base part for package epstopdf
 (/usr/local/texlive/2013/texmf-dist/tex/latex/oberdiek/grfext.sty
Package: grfext 2010/08/19 v1.1 Manage graphics extensions (HO)
 (/usr/local/texlive/2013/texmf-dist/tex/generic/oberdiek/kvdefinekeys.sty
Package: kvdefinekeys 2011/04/07 v1.3 Define keys (HO)
)) (/usr/local/texlive/2013/texmf-dist/tex/latex/oberdiek/kvoptions.sty
Package: kvoptions 2011/06/30 v3.11 Key value format for package options (HO)
 (/usr/local/texlive/2013/texmf-dist/tex/generic/oberdiek/kvsetkeys.sty
Package: kvsetkeys 2012/04/25 v1.16 Key value parser (HO)
 (/usr/local/texlive/2013/texmf-dist/tex/generic/oberdiek/etexcmds.sty
Package: etexcmds 2011/02/16 v1.5 Avoid name clashes with e-TeX commands (HO)
Package etexcmds Info: Could not find \expanded.
(etexcmds)             That can mean that you are not using pdfTeX 1.50 or
(etexcmds)             that some package has redefined \expanded.
(etexcmds)             In the latter case, load this package earlier.
)))
Package grfext Info: Graphics extension search list:
(grfext)             [.png,.jpg,.pdf,.mps,.eps]
(grfext)             \AppendGraphicsExtensions on input line 452.
 (/usr/local/texlive/2013/texmf-dist/tex/latex/latexconfig/epstopdf-sys.cfg
File: epstopdf-sys.cfg 2010/07/13 v1.3 Configuration of (r)epstopdf for TeX Live
))
\AtBeginShipoutBox=\box32

*geometry* detected driver: dvips
*geometry* verbose mode - [ preamble ] result:
* driver: dvips
* paper: custom
* layout: <same size as paper>
* layoutoffset:(h,v)=(0.0pt,0.0pt)
* modes: 
* h-part:(L,W,R)=(85.35826pt, 426.79135pt, 85.35826pt)
* v-part:(T,H,B)=(99.58464pt, 640.18701pt, 99.58464pt)
* \paperwidth=597.50787pt
* \paperheight=839.3563pt
* \textwidth=426.79135pt
* \textheight=640.18701pt
* \oddsidemargin=13.08827pt
* \evensidemargin=13.08827pt
* \topmargin=-9.68535pt
* \headheight=61.0pt
* \headsep=25.0pt
* \topskip=11.0pt
* \footskip=30.0pt
* \marginparwidth=50.0pt
* \marginparsep=10.0pt
* \columnsep=10.0pt
* \skip\footins=10.0pt plus 4.0pt minus 2.0pt
* \hoffset=0.0pt
* \voffset=0.0pt
* \mag=1000
* \@twocolumnfalse
* \@twosidefalse
* \@mparswitchfalse
* \@reversemarginfalse
* (1in=72.27pt=25.4mm, 1cm=28.453pt)

\c@lstlisting=\count117
LaTeX Font Info:    Try loading font information for T1+cmss on input line 56.
(/usr/local/texlive/2013/texmf-dist/tex/latex/base/t1cmss.fd
File: t1cmss.fd 1999/05/25 v2.5h Standard LaTeX font definitions
)
LaTeX Font Info:    External font `cmex10' loaded for size
(Font)              <10.95> on input line 66.
LaTeX Font Info:    External font `cmex10' loaded for size
(Font)              <8> on input line 66.
LaTeX Font Info:    External font `cmex10' loaded for size
(Font)              <6> on input line 66.


LaTeX Font Warning: Font shape `T1/cmss/m/n' in size <18> not available
(Font)              size <17.28> substituted on input line 88.


LaTeX Font Warning: Font shape `T1/cmss/bx/n' in size <18> not available
(Font)              size <17.28> substituted on input line 88.

<icmc.jpg, id=1, 541.0614pt x 246.1998pt>
File: icmc.jpg Graphic file (type jpg)
 <use icmc.jpg>
Package pdftex.def Info: icmc.jpg used on input line 95.
(pdftex.def)             Requested size: 93.78726pt x 42.67912pt.
 [1
Non-PDF special ignored!

{/usr/local/texlive/2013/texmf-var/fonts/map/pdftex/updmap/pdftex.map} <./icmc.jpg>] (./text/abstract.tex) (./text/introduction.tex
LaTeX Font Info:    External font `cmex10' loaded for size
(Font)              <9> on input line 7.
LaTeX Font Info:    External font `cmex10' loaded for size
(Font)              <5> on input line 7.
LaTeX Font Info:    Try loading font information for T1+cmtt on input line 7.
 (/usr/local/texlive/2013/texmf-dist/tex/latex/base/t1cmtt.fd
File: t1cmtt.fd 1999/05/25 v2.5h Standard LaTeX font definitions
)
File: icmc.jpg Graphic file (type jpg)
 <use icmc.jpg>
Package pdftex.def Info: icmc.jpg used on input line 12.
(pdftex.def)             Requested size: 93.78726pt x 42.67912pt.
 [1]
LaTeX Font Info:    Try loading font information for OMS+cmr on input line 18.
 (/usr/local/texlive/2013/texmf-dist/tex/latex/base/omscmr.fd
File: omscmr.fd 1999/05/25 v2.5h Standard LaTeX font definitions
)
LaTeX Font Info:    Font shape `OMS/cmr/m/n' in size <10.95> not available
(Font)              Font shape `OMS/cmsy/m/n' tried instead on input line 18.
File: icmc.jpg Graphic file (type jpg)
 <use icmc.jpg>
Package pdftex.def Info: icmc.jpg used on input line 19.
(pdftex.def)             Requested size: 93.78726pt x 42.67912pt.
 [2]) (./text/background.tex

Package natbib Warning: Citation `refactImpro' on page 3 undefined on input line 3.


Package natbib Warning: Citation `Opdy92b' on page 3 undefined on input line 3.


Package natbib Warning: Citation `refactImpro' on page 3 undefined on input line 3.


Package natbib Warning: Citation `Demeyer1' on page 3 undefined on input line 3.


Package natbib Warning: Citation `Mens04' on page 3 undefined on input line 3.

File: icmc.jpg Graphic file (type jpg)
<use icmc.jpg>
Package pdftex.def Info: icmc.jpg used on input line 5.
(pdftex.def)             Requested size: 93.78726pt x 42.67912pt.
 [3]

Package natbib Warning: Citation `Mens04' on page 4 undefined on input line 5.


Package natbib Warning: Citation `refactImpro' on page 4 undefined on input line 7.


Package natbib Warning: Citation `refactImpro' on page 4 undefined on input line 15.


Package natbib Warning: Citation `On_the_unification_power_of_models' on page 4 undefined on input line 19.

File: icmc.jpg Graphic file (type jpg)
<use icmc.jpg>
Package pdftex.def Info: icmc.jpg used on input line 20.
(pdftex.def)             Requested size: 93.78726pt x 42.67912pt.
 [4]

Package natbib Warning: Citation `OMGMDD' on page 5 undefined on input line 21.

<figuras/modelWareVSGrammarWare.png, id=37, 1028.84375pt x 587.19376pt>
File: figuras/modelWareVSGrammarWare.png Graphic file (type png)
 <use figuras/modelWareVSGrammarWare.png>
Package pdftex.def Info: figuras/modelWareVSGrammarWare.png used on input line 26.
(pdftex.def)             Requested size: 257.21031pt x 146.79808pt.


Package natbib Warning: Citation `Kleppe:2003' on page 5 undefined on input line 31.


Package natbib Warning: Citation `Model_Driven_Reverse_Engineering' on page 5 undefined on input line 35.


Package natbib Warning: Citation `ThomasMDD' on page 5 undefined on input line 35.

File: icmc.jpg Graphic file (type jpg)
<use icmc.jpg>
Package pdftex.def Info: icmc.jpg used on input line 36.
(pdftex.def)             Requested size: 93.78726pt x 42.67912pt.
 [5] <figuras/horseShoe.pdf, id=43, 322.20375pt x 322.20375pt>
File: figuras/horseShoe.pdf Graphic file (type pdf)
 <use figuras/horseShoe.pdf>
Package pdftex.def Info: figuras/horseShoe.pdf used on input line 43.
(pdftex.def)             Requested size: 209.42995pt x 209.42995pt.


Package natbib Warning: Citation `OMGADM' on page 6 undefined on input line 44.

File: icmc.jpg Graphic file (type jpg)
<use icmc.jpg>
Package pdftex.def Info: icmc.jpg used on input line 46.
(pdftex.def)             Requested size: 93.78726pt x 42.67912pt.
 [6 <./figuras/modelWareVSGrammarWare.png>]

Package natbib Warning: Citation `ISOKDM' on page 7 undefined on input line 52.


Package natbib Warning: Citation `PerezCastillo:2011jo' on page 7 undefined on input line 52.

File: icmc.jpg Graphic file (type jpg)
<use icmc.jpg>
Package pdftex.def Info: icmc.jpg used on input line 53.
(pdftex.def)             Requested size: 93.78726pt x 42.67912pt.
 [7 <./figuras/horseShoe.pdf>]

Package natbib Warning: Citation `PerezCastillo:2011jo' on page 8 undefined on input line 54.

<figuras/Layers_packages_and_separations_of_concerns_in_KDM.pdf, id=67, 401.5pt x 297.11pt>
File: figuras/Layers_packages_and_separations_of_concerns_in_KDM.pdf Graphic file (type pdf)
 <use figuras/Layers_packages_and_separations_of_concerns_in_KDM.pdf>
Package pdftex.def Info: figuras/Layers_packages_and_separations_of_concerns_in_KDM.pdf used on input line 59.
(pdftex.def)             Requested size: 260.9719pt x 193.1192pt.


Package natbib Warning: Citation `OMGADM' on page 8 undefined on input line 60.

File: icmc.jpg Graphic file (type jpg)
<use icmc.jpg>
Package pdftex.def Info: icmc.jpg used on input line 65.
(pdftex.def)             Requested size: 93.78726pt x 42.67912pt.
 [8 <./figuras/Layers_packages_and_separations_of_concerns_in_KDM.pdf>]) (./text/resumo_do_palno_inicial.tex

Package natbib Warning: Citation `Griffith2011' on page 9 undefined on input line 2.

File: icmc.jpg Graphic file (type jpg)
<use icmc.jpg>
Package pdftex.def Info: icmc.jpg used on input line 3.
(pdftex.def)             Requested size: 93.78726pt x 42.67912pt.
 [9]

Package natbib Warning: Citation `Fokaefs2012' on page 10 undefined on input line 4.


Package natbib Warning: Citation `refactImpro' on page 10 undefined on input line 13.

File: icmc.jpg Graphic file (type jpg)
<use icmc.jpg>
Package pdftex.def Info: icmc.jpg used on input line 14.
(pdftex.def)             Requested size: 93.78726pt x 42.67912pt.
 [10]

Package natbib Warning: Citation `refactImpro' on page 11 undefined on input line 17.


Package natbib Warning: Citation `Griswold' on page 11 undefined on input line 17.


Package natbib Warning: Citation `bisbal' on page 11 undefined on input line 17.


Package natbib Warning: Citation `tilley' on page 11 undefined on input line 17.


Package natbib Warning: Citation `refactImpro' on page 11 undefined on input line 17.


Package natbib Warning: Citation `Griffith2011' on page 11 undefined on input line 19.


Package natbib Warning: Citation `Olszak:2012:RJP:2108329.2108539' on page 11 undefined on input line 19.


Package natbib Warning: Citation `Sneed:2005' on page 11 undefined on input line 20.


Package natbib Warning: Citation `PerezCastillo:2011jo' on page 11 undefined on input line 23.


Package natbib Warning: Citation `ISOKDM' on page 11 undefined on input line 25.

File: icmc.jpg Graphic file (type jpg)
<use icmc.jpg>
Package pdftex.def Info: icmc.jpg used on input line 26.
(pdftex.def)             Requested size: 93.78726pt x 42.67912pt.
 [11]

Package natbib Warning: Citation `OMGADM' on page 12 undefined on input line 28.


Package natbib Warning: Citation `ADMBook' on page 12 undefined on input line 28.


Package natbib Warning: Citation `ADMCHAPTERR' on page 12 undefined on input line 28.


Package natbib Warning: Citation `Demeyer1' on page 12 undefined on input line 34.


Package natbib Warning: Citation `Demeyer2' on page 12 undefined on input line 34.


Package natbib Warning: Citation `RefactoringJava' on page 12 undefined on input line 34.

File: icmc.jpg Graphic file (type jpg)
<use icmc.jpg>
Package pdftex.def Info: icmc.jpg used on input line 37.
(pdftex.def)             Requested size: 93.78726pt x 42.67912pt.
 [12]

Package natbib Warning: Citation `Sneed:2005' on page 13 undefined on input line 37.


Package natbib Warning: Citation `Kiczales' on page 13 undefined on input line 40.

) (./text/cronograma.tex
File: icmc.jpg Graphic file (type jpg)
 <use icmc.jpg>
Package pdftex.def Info: icmc.jpg used on input line 5.
(pdftex.def)             Requested size: 93.78726pt x 42.67912pt.
 [13]
File: icmc.jpg Graphic file (type jpg)
 <use icmc.jpg>
Package pdftex.def Info: icmc.jpg used on input line 21.
(pdftex.def)             Requested size: 93.78726pt x 42.67912pt.
 [14]
File: icmc.jpg Graphic file (type jpg)
 <use icmc.jpg>
Package pdftex.def Info: icmc.jpg used on input line 38.
(pdftex.def)             Requested size: 93.78726pt x 42.67912pt.
 [15] <figuras/timeLine.pdf, id=146, page=1, 334.24875pt x 794.97pt>
File: figuras/timeLine.pdf Graphic file (type pdf)
 <use figuras/timeLine.pdf, page 1>
Package pdftex.def Info: figuras/timeLine.pdf, page1 used on input line 38.
(pdftex.def)             Requested size: 334.24792pt x 794.96806pt.
File: figuras/timeLine.pdf Graphic file (type pdf)
 <use figuras/timeLine.pdf, page 1>
Package pdftex.def Info: figuras/timeLine.pdf, page1 used on input line 38.
(pdftex.def)             Requested size: 353.33803pt x 840.37158pt.
File: figuras/timeLine.pdf Graphic file (type pdf)
 <use figuras/timeLine.pdf, page 1>
Package pdftex.def Info: figuras/timeLine.pdf, page1 used on input line 38.
(pdftex.def)             Requested size: 353.33803pt x 840.37158pt.
File: figuras/timeLine.pdf Graphic file (type pdf)
 <use figuras/timeLine.pdf, page 1>
Package pdftex.def Info: figuras/timeLine.pdf, page1 used on input line 38.
(pdftex.def)             Requested size: 353.33803pt x 840.37158pt.
File: figuras/timeLine.pdf Graphic file (type pdf)
 <use figuras/timeLine.pdf, page 1>
Package pdftex.def Info: figuras/timeLine.pdf, page1 used on input line 38.
(pdftex.def)             Requested size: 353.33803pt x 840.37158pt.
 [16 <./figuras/timeLine.pdf>]) (./text/resumo_das_atividades_realizadas_no_periodo.tex

Package natbib Warning: Citation `kit04' on page 17 undefined on input line 11.


Package natbib Warning: Citation `kit04' on page 17 undefined on input line 13.

File: icmc.jpg Graphic file (type jpg)
<use icmc.jpg>
Package pdftex.def Info: icmc.jpg used on input line 14.
(pdftex.def)             Requested size: 93.78726pt x 42.67912pt.
 [17]

Package natbib Warning: Citation `refactImpro' on page 18 undefined on input line 21.


LaTeX Warning: Reference `tab:catalogue' on page 18 undefined on input line 23.

File: icmc.jpg Graphic file (type jpg)
<use icmc.jpg>
Package pdftex.def Info: icmc.jpg used on input line 24.
(pdftex.def)             Requested size: 93.78726pt x 42.67912pt.
 [18] <figuras/NovoCatalogue.pdf, id=276, 583.28156pt x 102.42989pt>
File: figuras/NovoCatalogue.pdf Graphic file (type pdf)
 <use figuras/NovoCatalogue.pdf>
Package pdftex.def Info: figuras/NovoCatalogue.pdf used on input line 30.
(pdftex.def)             Requested size: 390.79662pt x 68.62766pt.
File: icmc.jpg Graphic file (type jpg)
 <use icmc.jpg>
Package pdftex.def Info: icmc.jpg used on input line 40.
(pdftex.def)             Requested size: 93.78726pt x 42.67912pt.
 [19 <./figuras/NovoCatalogue.pdf>] <figuras/processoDaFerramenta.pdf, id=305, 590.00945pt x 247.26529pt>
File: figuras/processoDaFerramenta.pdf Graphic file (type pdf)
 <use figuras/processoDaFerramenta.pdf>
Package pdftex.def Info: figuras/processoDaFerramenta.pdf used on input line 43.
(pdftex.def)             Requested size: 590.008pt x 247.26468pt.
File: icmc.jpg Graphic file (type jpg)
 <use icmc.jpg>
Package pdftex.def Info: icmc.jpg used on input line 56.
(pdftex.def)             Requested size: 93.78726pt x 42.67912pt.
 [20 <./figuras/processoDaFerramenta.pdf>] <figuras/ScreenShot_tool.pdf, id=365, 482.18614pt x 205.36385pt>
File: figuras/ScreenShot_tool.pdf Graphic file (type pdf)
 <use figuras/ScreenShot_tool.pdf>
Package pdftex.def Info: figuras/ScreenShot_tool.pdf used on input line 60.
(pdftex.def)             Requested size: 482.18497pt x 205.36333pt.

Overfull \hbox (7.17216pt too wide) in paragraph at lines 60--61
 [][] 
 []

File: icmc.jpg Graphic file (type jpg)
<use icmc.jpg>
Package pdftex.def Info: icmc.jpg used on input line 69.
(pdftex.def)             Requested size: 93.78726pt x 42.67912pt.
 [21 <./figuras/ScreenShot_tool.pdf>] <figuras/Wizard2.pdf, id=407, 661.47125pt x 511.9125pt>
File: figuras/Wizard2.pdf Graphic file (type pdf)
 <use figuras/Wizard2.pdf>
Package pdftex.def Info: figuras/Wizard2.pdf used on input line 78.
(pdftex.def)             Requested size: 661.46964pt x 511.91125pt.


LaTeX Warning: `!h' float specifier changed to `!ht'.

File: icmc.jpg Graphic file (type jpg)
<use icmc.jpg>
Package pdftex.def Info: icmc.jpg used on input line 86.
(pdftex.def)             Requested size: 93.78726pt x 42.67912pt.
 [22] <figuras/ForwardEngineering.pdf, id=412, 938.50626pt x 319.1925pt>
File: figuras/ForwardEngineering.pdf Graphic file (type pdf)
 <use figuras/ForwardEngineering.pdf>
Package pdftex.def Info: figuras/ForwardEngineering.pdf used on input line 92.
(pdftex.def)             Requested size: 938.50397pt x 319.19171pt.


LaTeX Warning: `!h' float specifier changed to `!ht'.

File: icmc.jpg Graphic file (type jpg)
<use icmc.jpg>
Package pdftex.def Info: icmc.jpg used on input line 100.
(pdftex.def)             Requested size: 93.78726pt x 42.67912pt.
 [23 <./figuras/Wizard2.pdf>] <figuras/Arquitetura.pdf, id=466, 342.27875pt x 261.97874pt>
File: figuras/Arquitetura.pdf Graphic file (type pdf)
 <use figuras/Arquitetura.pdf>
Package pdftex.def Info: figuras/Arquitetura.pdf used on input line 103.
(pdftex.def)             Requested size: 342.2779pt x 261.9781pt.


LaTeX Warning: `!h' float specifier changed to `!ht'.


Overfull \hbox (5.52498pt too wide) in paragraph at lines 110--110
[]\T1/cmr/bx/n/12 Um Me-ta-mo-delo para Es-pe-ci-fi-car Re-fa-to-ra-ções para o KDM - (\T1/cmr/bx/it/12 Refac-
 []

File: icmc.jpg Graphic file (type jpg)
<use icmc.jpg>
Package pdftex.def Info: icmc.jpg used on input line 113.
(pdftex.def)             Requested size: 93.78726pt x 42.67912pt.
 [24 <./figuras/ForwardEngineering.pdf>]

Package natbib Warning: Citation `KDM_RE_A_Model_Driven_Refactoring_Tool_for_KDM' on page 25 undefined on input line 116.

File: icmc.jpg Graphic file (type jpg)
<use icmc.jpg>
Package pdftex.def Info: icmc.jpg used on input line 117.
(pdftex.def)             Requested size: 93.78726pt x 42.67912pt.
 [25 <./figuras/Arquitetura.pdf>]

Package natbib Warning: Citation `iri_systematic_mapping_ADM_2014' on page 26 undefined on input line 120.

File: icmc.jpg Graphic file (type jpg)
<use icmc.jpg>
Package pdftex.def Info: icmc.jpg used on input line 123.
(pdftex.def)             Requested size: 93.78726pt x 42.67912pt.
 [26]

Package natbib Warning: Citation `refactImpro' on page 27 undefined on input line 124.

<figuras/ProcessoDOMetamodelo.pdf, id=579, 519.9425pt x 303.1325pt>
File: figuras/ProcessoDOMetamodelo.pdf Graphic file (type pdf)
 <use figuras/ProcessoDOMetamodelo.pdf>
Package pdftex.def Info: figuras/ProcessoDOMetamodelo.pdf used on input line 129.
(pdftex.def)             Requested size: 519.94124pt x 303.13176pt.


LaTeX Warning: `!h' float specifier changed to `!ht'.

<figuras/metamodelo7.png, id=580, 488.82625pt x 996.72375pt>
File: figuras/metamodelo7.png Graphic file (type png)
 <use figuras/metamodelo7.png>
Package pdftex.def Info: figuras/metamodelo7.png used on input line 136.
(pdftex.def)             Requested size: 488.82504pt x 996.72133pt.


LaTeX Warning: `h' float specifier changed to `ht'.

File: icmc.jpg Graphic file (type jpg)
<use icmc.jpg>
Package pdftex.def Info: icmc.jpg used on input line 147.
(pdftex.def)             Requested size: 93.78726pt x 42.67912pt.
 [27]
File: icmc.jpg Graphic file (type jpg)
 <use icmc.jpg>
Package pdftex.def Info: icmc.jpg used on input line 155.
(pdftex.def)             Requested size: 93.78726pt x 42.67912pt.
 [28 <./figuras/ProcessoDOMetamodelo.pdf>]
File: icmc.jpg Graphic file (type jpg)
 <use icmc.jpg>
Package pdftex.def Info: icmc.jpg used on input line 170.
(pdftex.def)             Requested size: 93.78726pt x 42.67912pt.
 [29]
Overfull \hbox (9.75815pt too wide) in paragraph at lines 171--173
[]\T1/cmr/m/n/10.95 A DSL para au-xi-liar a ins-tan-ci-a-ção do Refac-KDM foi de-sen-vol-vida uti-li-zando Xtext 2.4[][].
 []


LaTeX Warning: Reference `x' on page 30 undefined on input line 174.

LaTeX Font Info:    Font shape `OMS/cmr/m/n' in size <6> not available
(Font)              Font shape `OMS/cmsy/m/n' tried instead on input line 198.
) (./text/publicacoes_participacao_eventos_cientificos_apresentacoes_trabalhos.tex
File: icmc.jpg Graphic file (type jpg)
 <use icmc.jpg>
Package pdftex.def Info: icmc.jpg used on input line 3.
(pdftex.def)             Requested size: 93.78726pt x 42.67912pt.
 [30]
File: icmc.jpg Graphic file (type jpg)
 <use icmc.jpg>
Package pdftex.def Info: icmc.jpg used on input line 12.
(pdftex.def)             Requested size: 93.78726pt x 42.67912pt.
 [31]
File: icmc.jpg Graphic file (type jpg)
 <use icmc.jpg>
Package pdftex.def Info: icmc.jpg used on input line 26.
(pdftex.def)             Requested size: 93.78726pt x 42.67912pt.
 [32]) (./text/exame_qualificacao.tex
File: icmc.jpg Graphic file (type jpg)
 <use icmc.jpg>
Package pdftex.def Info: icmc.jpg used on input line 8.
(pdftex.def)             Requested size: 93.78726pt x 42.67912pt.
 [33]) (./text/atividades_complementares.tex) (./text/proeficiencia.tex) (./text/pae.tex)
File: icmc.jpg Graphic file (type jpg)
 <use icmc.jpg>
Package pdftex.def Info: icmc.jpg used on input line 163.
(pdftex.def)             Requested size: 93.78726pt x 42.67912pt.
 [34] (./text/atividades_previstas.tex

LaTeX Warning: Reference `sub:estudo_sobre_reengenharia_de_software' on page 35 undefined on input line 4.


LaTeX Warning: Reference `sub:estudo_sobre_desenvolvimento_dirigido_a_modelos' on page 35 undefined on input line 4.


LaTeX Warning: Reference `sub:estudo_sobre_moderniza_o_dirigida_arquitetura' on page 35 undefined on input line 4.


Package natbib Warning: Citation `Wohlin' on page 35 undefined on input line 8.

File: icmc.jpg Graphic file (type jpg)
<use icmc.jpg>
Package pdftex.def Info: icmc.jpg used on input line 9.
(pdftex.def)             Requested size: 93.78726pt x 42.67912pt.
 [35]) (./TSWLatexianTemp_000001.bbl (./babelbst.tex (./englbst.tex))
Underfull \hbox (badness 2213) in paragraph at lines 72--75
[]\T1/cmr/m/n/10.95 ISO/IEC DIS 19506   Kno-wledge Dis-co-very Meta-model (KDM), v1.1.   On-
 []

File: icmc.jpg Graphic file (type jpg)
<use icmc.jpg>
Package pdftex.def Info: icmc.jpg used on input line 75.
(pdftex.def)             Requested size: 93.78726pt x 42.67912pt.
 [36]
File: icmc.jpg Graphic file (type jpg)
 <use icmc.jpg>
Package pdftex.def Info: icmc.jpg used on input line 156.
(pdftex.def)             Requested size: 93.78726pt x 42.67912pt.
 [37])
File: icmc.jpg Graphic file (type jpg)
 <use icmc.jpg>
Package pdftex.def Info: icmc.jpg used on input line 177.
(pdftex.def)             Requested size: 93.78726pt x 42.67912pt.
 [38]
File: icmc.jpg Graphic file (type jpg)
 <use icmc.jpg>
Package pdftex.def Info: icmc.jpg used on input line 177.
(pdftex.def)             Requested size: 93.78726pt x 42.67912pt.
 [39 <./figuras/metamodelo7.png>] (./text/anexos.tex <apendices/comprovante_eselaw.pdf, id=671, 480.79625pt x 451.6875pt>
File: apendices/comprovante_eselaw.pdf Graphic file (type pdf)
 <use apendices/comprovante_eselaw.pdf>
Package pdftex.def Info: apendices/comprovante_eselaw.pdf used on input line 8.
(pdftex.def)             Requested size: 480.79506pt x 451.68639pt.
File: icmc.jpg Graphic file (type jpg)
 <use icmc.jpg>
Package pdftex.def Info: icmc.jpg used on input line 15.
(pdftex.def)             Requested size: 93.78726pt x 42.67912pt.
 [40

 <./apendices/comprovante_eselaw.pdf>] <apendices/mapeamento.pdf, id=706, page=1, 597.50829pt x 845.0471pt>
File: apendices/mapeamento.pdf Graphic file (type pdf)
 <use apendices/mapeamento.pdf, page 1>
Package pdftex.def Info: apendices/mapeamento.pdf, page1 used on input line 16.
(pdftex.def)             Requested size: 597.50682pt x 845.04504pt.
File: apendices/mapeamento.pdf Graphic file (type pdf)
 <use apendices/mapeamento.pdf, page 1>
Package pdftex.def Info: apendices/mapeamento.pdf, page1 used on input line 16.
(pdftex.def)             Requested size: 593.51347pt x 839.39731pt.
File: apendices/mapeamento.pdf Graphic file (type pdf)
 <use apendices/mapeamento.pdf, page 1>
Package pdftex.def Info: apendices/mapeamento.pdf, page1 used on input line 16.
(pdftex.def)             Requested size: 593.51347pt x 839.39731pt.
File: apendices/mapeamento.pdf Graphic file (type pdf)
 <use apendices/mapeamento.pdf, page 1>
Package pdftex.def Info: apendices/mapeamento.pdf, page1 used on input line 16.
(pdftex.def)             Requested size: 593.51347pt x 839.39731pt.
File: apendices/mapeamento.pdf Graphic file (type pdf)
 <use apendices/mapeamento.pdf, page 1>
Package pdftex.def Info: apendices/mapeamento.pdf, page1 used on input line 16.
(pdftex.def)             Requested size: 593.51347pt x 839.39731pt.
 [41

 <./apendices/mapeamento.pdf>] <apendices/mapeamento.pdf, id=741, page=2, 597.50829pt x 845.0471pt>
File: apendices/mapeamento.pdf Graphic file (type pdf)
 <use apendices/mapeamento.pdf, page 2>
Package pdftex.def Info: apendices/mapeamento.pdf, page2 used on input line 16.
(pdftex.def)             Requested size: 593.51347pt x 839.39731pt.
File: apendices/mapeamento.pdf Graphic file (type pdf)
 <use apendices/mapeamento.pdf, page 2>
Package pdftex.def Info: apendices/mapeamento.pdf, page2 used on input line 16.
(pdftex.def)             Requested size: 593.51347pt x 839.39731pt.
File: apendices/mapeamento.pdf Graphic file (type pdf)
 <use apendices/mapeamento.pdf, page 2>
Package pdftex.def Info: apendices/mapeamento.pdf, page2 used on input line 16.
(pdftex.def)             Requested size: 593.51347pt x 839.39731pt.
 [42 <./apendices/mapeamento.pdf>] <apendices/mapeamento.pdf, id=762, page=3, 597.50829pt x 845.0471pt>
File: apendices/mapeamento.pdf Graphic file (type pdf)
 <use apendices/mapeamento.pdf, page 3>
Package pdftex.def Info: apendices/mapeamento.pdf, page3 used on input line 16.
(pdftex.def)             Requested size: 593.51347pt x 839.39731pt.
File: apendices/mapeamento.pdf Graphic file (type pdf)
 <use apendices/mapeamento.pdf, page 3>
Package pdftex.def Info: apendices/mapeamento.pdf, page3 used on input line 16.
(pdftex.def)             Requested size: 593.51347pt x 839.39731pt.
File: apendices/mapeamento.pdf Graphic file (type pdf)
 <use apendices/mapeamento.pdf, page 3>
Package pdftex.def Info: apendices/mapeamento.pdf, page3 used on input line 16.
(pdftex.def)             Requested size: 593.51347pt x 839.39731pt.
 [43 <./apendices/mapeamento.pdf>] <apendices/mapeamento.pdf, id=810, page=4, 597.50829pt x 845.0471pt>
File: apendices/mapeamento.pdf Graphic file (type pdf)
 <use apendices/mapeamento.pdf, page 4>
Package pdftex.def Info: apendices/mapeamento.pdf, page4 used on input line 16.
(pdftex.def)             Requested size: 593.51347pt x 839.39731pt.
File: apendices/mapeamento.pdf Graphic file (type pdf)
 <use apendices/mapeamento.pdf, page 4>
Package pdftex.def Info: apendices/mapeamento.pdf, page4 used on input line 16.
(pdftex.def)             Requested size: 593.51347pt x 839.39731pt.
File: apendices/mapeamento.pdf Graphic file (type pdf)
 <use apendices/mapeamento.pdf, page 4>
Package pdftex.def Info: apendices/mapeamento.pdf, page4 used on input line 16.
(pdftex.def)             Requested size: 593.51347pt x 839.39731pt.
 [44 <./apendices/mapeamento.pdf>] <apendices/mapeamento.pdf, id=814, page=5, 597.50829pt x 845.0471pt>
File: apendices/mapeamento.pdf Graphic file (type pdf)
 <use apendices/mapeamento.pdf, page 5>
Package pdftex.def Info: apendices/mapeamento.pdf, page5 used on input line 16.
(pdftex.def)             Requested size: 593.51347pt x 839.39731pt.
File: apendices/mapeamento.pdf Graphic file (type pdf)
 <use apendices/mapeamento.pdf, page 5>
Package pdftex.def Info: apendices/mapeamento.pdf, page5 used on input line 16.
(pdftex.def)             Requested size: 593.51347pt x 839.39731pt.
File: apendices/mapeamento.pdf Graphic file (type pdf)
 <use apendices/mapeamento.pdf, page 5>
Package pdftex.def Info: apendices/mapeamento.pdf, page5 used on input line 16.
(pdftex.def)             Requested size: 593.51347pt x 839.39731pt.
 [45 <./apendices/mapeamento.pdf>] <apendices/mapeamento.pdf, id=819, page=6, 597.50829pt x 845.0471pt>
File: apendices/mapeamento.pdf Graphic file (type pdf)
 <use apendices/mapeamento.pdf, page 6>
Package pdftex.def Info: apendices/mapeamento.pdf, page6 used on input line 16.
(pdftex.def)             Requested size: 593.51347pt x 839.39731pt.
File: apendices/mapeamento.pdf Graphic file (type pdf)
 <use apendices/mapeamento.pdf, page 6>
Package pdftex.def Info: apendices/mapeamento.pdf, page6 used on input line 16.
(pdftex.def)             Requested size: 593.51347pt x 839.39731pt.
File: apendices/mapeamento.pdf Graphic file (type pdf)
 <use apendices/mapeamento.pdf, page 6>
Package pdftex.def Info: apendices/mapeamento.pdf, page6 used on input line 16.
(pdftex.def)             Requested size: 593.51347pt x 839.39731pt.
 [46 <./apendices/mapeamento.pdf>] <apendices/mapeamento.pdf, id=823, page=7, 597.50829pt x 845.0471pt>
File: apendices/mapeamento.pdf Graphic file (type pdf)
 <use apendices/mapeamento.pdf, page 7>
Package pdftex.def Info: apendices/mapeamento.pdf, page7 used on input line 16.
(pdftex.def)             Requested size: 593.51347pt x 839.39731pt.
File: apendices/mapeamento.pdf Graphic file (type pdf)
 <use apendices/mapeamento.pdf, page 7>
Package pdftex.def Info: apendices/mapeamento.pdf, page7 used on input line 16.
(pdftex.def)             Requested size: 593.51347pt x 839.39731pt.
File: apendices/mapeamento.pdf Graphic file (type pdf)
 <use apendices/mapeamento.pdf, page 7>
Package pdftex.def Info: apendices/mapeamento.pdf, page7 used on input line 16.
(pdftex.def)             Requested size: 593.51347pt x 839.39731pt.
 [47 <./apendices/mapeamento.pdf>] <apendices/mapeamento.pdf, id=1004, page=8, 597.50829pt x 845.0471pt>
File: apendices/mapeamento.pdf Graphic file (type pdf)
 <use apendices/mapeamento.pdf, page 8>
Package pdftex.def Info: apendices/mapeamento.pdf, page8 used on input line 16.
(pdftex.def)             Requested size: 593.51347pt x 839.39731pt.
File: apendices/mapeamento.pdf Graphic file (type pdf)
 <use apendices/mapeamento.pdf, page 8>
Package pdftex.def Info: apendices/mapeamento.pdf, page8 used on input line 16.
(pdftex.def)             Requested size: 593.51347pt x 839.39731pt.
File: apendices/mapeamento.pdf Graphic file (type pdf)
 <use apendices/mapeamento.pdf, page 8>
Package pdftex.def Info: apendices/mapeamento.pdf, page8 used on input line 16.
(pdftex.def)             Requested size: 593.51347pt x 839.39731pt.
 [48 <./apendices/mapeamento.pdf>] <apendices/mapeamento.pdf, id=1009, page=9, 597.50829pt x 845.0471pt>
File: apendices/mapeamento.pdf Graphic file (type pdf)
 <use apendices/mapeamento.pdf, page 9>
Package pdftex.def Info: apendices/mapeamento.pdf, page9 used on input line 16.
(pdftex.def)             Requested size: 593.51347pt x 839.39731pt.
File: apendices/mapeamento.pdf Graphic file (type pdf)
 <use apendices/mapeamento.pdf, page 9>
Package pdftex.def Info: apendices/mapeamento.pdf, page9 used on input line 16.
(pdftex.def)             Requested size: 593.51347pt x 839.39731pt.
File: apendices/mapeamento.pdf Graphic file (type pdf)
 <use apendices/mapeamento.pdf, page 9>
Package pdftex.def Info: apendices/mapeamento.pdf, page9 used on input line 16.
(pdftex.def)             Requested size: 593.51347pt x 839.39731pt.
 [49 <./apendices/mapeamento.pdf>] <apendices/comprovante_SBSI.pdf, id=1013, 595.22375pt x 536.0025pt>
File: apendices/comprovante_SBSI.pdf Graphic file (type pdf)
 <use apendices/comprovante_SBSI.pdf>
Package pdftex.def Info: apendices/comprovante_SBSI.pdf used on input line 26.
(pdftex.def)             Requested size: 595.2223pt x 536.00119pt.
File: icmc.jpg Graphic file (type jpg)
 <use icmc.jpg>
Package pdftex.def Info: icmc.jpg used on input line 33.
(pdftex.def)             Requested size: 93.78726pt x 42.67912pt.
 [50 <./apendices/comprovante_SBSI.pdf>] <apendices/SBSI.pdf, id=1047, page=1, 597.50829pt x 845.0471pt>
File: apendices/SBSI.pdf Graphic file (type pdf)
 <use apendices/SBSI.pdf, page 1>
Package pdftex.def Info: apendices/SBSI.pdf, page1 used on input line 34.
(pdftex.def)             Requested size: 597.50682pt x 845.04504pt.
File: apendices/SBSI.pdf Graphic file (type pdf)
 <use apendices/SBSI.pdf, page 1>
Package pdftex.def Info: apendices/SBSI.pdf, page1 used on input line 34.
(pdftex.def)             Requested size: 593.51347pt x 839.39731pt.
File: apendices/SBSI.pdf Graphic file (type pdf)
 <use apendices/SBSI.pdf, page 1>
Package pdftex.def Info: apendices/SBSI.pdf, page1 used on input line 34.
(pdftex.def)             Requested size: 593.51347pt x 839.39731pt.
File: apendices/SBSI.pdf Graphic file (type pdf)
 <use apendices/SBSI.pdf, page 1>
Package pdftex.def Info: apendices/SBSI.pdf, page1 used on input line 34.
(pdftex.def)             Requested size: 593.51347pt x 839.39731pt.
File: apendices/SBSI.pdf Graphic file (type pdf)
 <use apendices/SBSI.pdf, page 1>
Package pdftex.def Info: apendices/SBSI.pdf, page1 used on input line 34.
(pdftex.def)             Requested size: 593.51347pt x 839.39731pt.
 [51

 <./apendices/SBSI.pdf>] <apendices/SBSI.pdf, id=1085, page=2, 597.50829pt x 845.0471pt>
File: apendices/SBSI.pdf Graphic file (type pdf)
 <use apendices/SBSI.pdf, page 2>
Package pdftex.def Info: apendices/SBSI.pdf, page2 used on input line 34.
(pdftex.def)             Requested size: 593.51347pt x 839.39731pt.
File: apendices/SBSI.pdf Graphic file (type pdf)
 <use apendices/SBSI.pdf, page 2>
Package pdftex.def Info: apendices/SBSI.pdf, page2 used on input line 34.
(pdftex.def)             Requested size: 593.51347pt x 839.39731pt.
File: apendices/SBSI.pdf Graphic file (type pdf)
 <use apendices/SBSI.pdf, page 2>
Package pdftex.def Info: apendices/SBSI.pdf, page2 used on input line 34.
(pdftex.def)             Requested size: 593.51347pt x 839.39731pt.
 [52 <./apendices/SBSI.pdf>] <apendices/SBSI.pdf, id=1089, page=3, 597.50829pt x 845.0471pt>
File: apendices/SBSI.pdf Graphic file (type pdf)
 <use apendices/SBSI.pdf, page 3>
Package pdftex.def Info: apendices/SBSI.pdf, page3 used on input line 34.
(pdftex.def)             Requested size: 593.51347pt x 839.39731pt.
File: apendices/SBSI.pdf Graphic file (type pdf)
 <use apendices/SBSI.pdf, page 3>
Package pdftex.def Info: apendices/SBSI.pdf, page3 used on input line 34.
(pdftex.def)             Requested size: 593.51347pt x 839.39731pt.
File: apendices/SBSI.pdf Graphic file (type pdf)
 <use apendices/SBSI.pdf, page 3>
Package pdftex.def Info: apendices/SBSI.pdf, page3 used on input line 34.
(pdftex.def)             Requested size: 593.51347pt x 839.39731pt.
 [53 <./apendices/SBSI.pdf>] <apendices/SBSI.pdf, id=1118, page=4, 597.50829pt x 845.0471pt>
File: apendices/SBSI.pdf Graphic file (type pdf)
 <use apendices/SBSI.pdf, page 4>
Package pdftex.def Info: apendices/SBSI.pdf, page4 used on input line 34.
(pdftex.def)             Requested size: 593.51347pt x 839.39731pt.
File: apendices/SBSI.pdf Graphic file (type pdf)
 <use apendices/SBSI.pdf, page 4>
Package pdftex.def Info: apendices/SBSI.pdf, page4 used on input line 34.
(pdftex.def)             Requested size: 593.51347pt x 839.39731pt.
File: apendices/SBSI.pdf Graphic file (type pdf)
 <use apendices/SBSI.pdf, page 4>
Package pdftex.def Info: apendices/SBSI.pdf, page4 used on input line 34.
(pdftex.def)             Requested size: 593.51347pt x 839.39731pt.
 [54 <./apendices/SBSI.pdf>] <apendices/SBSI.pdf, id=1129, page=5, 597.50829pt x 845.0471pt>
File: apendices/SBSI.pdf Graphic file (type pdf)
 <use apendices/SBSI.pdf, page 5>
Package pdftex.def Info: apendices/SBSI.pdf, page5 used on input line 34.
(pdftex.def)             Requested size: 593.51347pt x 839.39731pt.
File: apendices/SBSI.pdf Graphic file (type pdf)
 <use apendices/SBSI.pdf, page 5>
Package pdftex.def Info: apendices/SBSI.pdf, page5 used on input line 34.
(pdftex.def)             Requested size: 593.51347pt x 839.39731pt.
File: apendices/SBSI.pdf Graphic file (type pdf)
 <use apendices/SBSI.pdf, page 5>
Package pdftex.def Info: apendices/SBSI.pdf, page5 used on input line 34.
(pdftex.def)             Requested size: 593.51347pt x 839.39731pt.
 [55 <./apendices/SBSI.pdf>] <apendices/SBSI.pdf, id=1143, page=6, 597.50829pt x 845.0471pt>
File: apendices/SBSI.pdf Graphic file (type pdf)
 <use apendices/SBSI.pdf, page 6>
Package pdftex.def Info: apendices/SBSI.pdf, page6 used on input line 34.
(pdftex.def)             Requested size: 593.51347pt x 839.39731pt.
File: apendices/SBSI.pdf Graphic file (type pdf)
 <use apendices/SBSI.pdf, page 6>
Package pdftex.def Info: apendices/SBSI.pdf, page6 used on input line 34.
(pdftex.def)             Requested size: 593.51347pt x 839.39731pt.
File: apendices/SBSI.pdf Graphic file (type pdf)
 <use apendices/SBSI.pdf, page 6>
Package pdftex.def Info: apendices/SBSI.pdf, page6 used on input line 34.
(pdftex.def)             Requested size: 593.51347pt x 839.39731pt.
 [56 <./apendices/SBSI.pdf>] <apendices/SBSI.pdf, id=1210, page=7, 597.50829pt x 845.0471pt>
File: apendices/SBSI.pdf Graphic file (type pdf)
 <use apendices/SBSI.pdf, page 7>
Package pdftex.def Info: apendices/SBSI.pdf, page7 used on input line 34.
(pdftex.def)             Requested size: 593.51347pt x 839.39731pt.
File: apendices/SBSI.pdf Graphic file (type pdf)
 <use apendices/SBSI.pdf, page 7>
Package pdftex.def Info: apendices/SBSI.pdf, page7 used on input line 34.
(pdftex.def)             Requested size: 593.51347pt x 839.39731pt.
File: apendices/SBSI.pdf Graphic file (type pdf)
 <use apendices/SBSI.pdf, page 7>
Package pdftex.def Info: apendices/SBSI.pdf, page7 used on input line 34.
(pdftex.def)             Requested size: 593.51347pt x 839.39731pt.
 [57 <./apendices/SBSI.pdf>] <apendices/SBSI.pdf, id=1294, page=8, 597.50829pt x 845.0471pt>
File: apendices/SBSI.pdf Graphic file (type pdf)
 <use apendices/SBSI.pdf, page 8>
Package pdftex.def Info: apendices/SBSI.pdf, page8 used on input line 34.
(pdftex.def)             Requested size: 593.51347pt x 839.39731pt.
File: apendices/SBSI.pdf Graphic file (type pdf)
 <use apendices/SBSI.pdf, page 8>
Package pdftex.def Info: apendices/SBSI.pdf, page8 used on input line 34.
(pdftex.def)             Requested size: 593.51347pt x 839.39731pt.
File: apendices/SBSI.pdf Graphic file (type pdf)
 <use apendices/SBSI.pdf, page 8>
Package pdftex.def Info: apendices/SBSI.pdf, page8 used on input line 34.
(pdftex.def)             Requested size: 593.51347pt x 839.39731pt.
 [58 <./apendices/SBSI.pdf>] <apendices/SBSI.pdf, id=1298, page=9, 597.50829pt x 845.0471pt>
File: apendices/SBSI.pdf Graphic file (type pdf)
 <use apendices/SBSI.pdf, page 9>
Package pdftex.def Info: apendices/SBSI.pdf, page9 used on input line 34.
(pdftex.def)             Requested size: 593.51347pt x 839.39731pt.
File: apendices/SBSI.pdf Graphic file (type pdf)
 <use apendices/SBSI.pdf, page 9>
Package pdftex.def Info: apendices/SBSI.pdf, page9 used on input line 34.
(pdftex.def)             Requested size: 593.51347pt x 839.39731pt.
File: apendices/SBSI.pdf Graphic file (type pdf)
 <use apendices/SBSI.pdf, page 9>
Package pdftex.def Info: apendices/SBSI.pdf, page9 used on input line 34.
(pdftex.def)             Requested size: 593.51347pt x 839.39731pt.
 [59 <./apendices/SBSI.pdf>] <apendices/comprovante_SBES.pdf, id=1302, 581.17125pt x 774.895pt>
File: apendices/comprovante_SBES.pdf Graphic file (type pdf)
 <use apendices/comprovante_SBES.pdf>
Package pdftex.def Info: apendices/comprovante_SBES.pdf used on input line 44.
(pdftex.def)             Requested size: 581.16983pt x 774.89311pt.
File: icmc.jpg Graphic file (type jpg)
 <use icmc.jpg>
Package pdftex.def Info: icmc.jpg used on input line 51.
(pdftex.def)             Requested size: 93.78726pt x 42.67912pt.
 [60 <./apendices/comprovante_SBES.pdf>] <apendices/sbes2012.pdf, id=1337, page=1, 614.295pt x 794.97pt>
File: apendices/sbes2012.pdf Graphic file (type pdf)
 <use apendices/sbes2012.pdf, page 1>
Package pdftex.def Info: apendices/sbes2012.pdf, page1 used on input line 52.
(pdftex.def)             Requested size: 614.29349pt x 794.96806pt.
File: apendices/sbes2012.pdf Graphic file (type pdf)
 <use apendices/sbes2012.pdf, page 1>
Package pdftex.def Info: apendices/sbes2012.pdf, page1 used on input line 52.
(pdftex.def)             Requested size: 597.78697pt x 773.60669pt.
File: apendices/sbes2012.pdf Graphic file (type pdf)
 <use apendices/sbes2012.pdf, page 1>
Package pdftex.def Info: apendices/sbes2012.pdf, page1 used on input line 52.
(pdftex.def)             Requested size: 597.78697pt x 773.60669pt.
File: apendices/sbes2012.pdf Graphic file (type pdf)
 <use apendices/sbes2012.pdf, page 1>
Package pdftex.def Info: apendices/sbes2012.pdf, page1 used on input line 52.
(pdftex.def)             Requested size: 597.78697pt x 773.60669pt.
File: apendices/sbes2012.pdf Graphic file (type pdf)
 <use apendices/sbes2012.pdf, page 1>
Package pdftex.def Info: apendices/sbes2012.pdf, page1 used on input line 52.
(pdftex.def)             Requested size: 597.78697pt x 773.60669pt.
 [61

 <./apendices/sbes2012.pdf>] <apendices/sbes2012.pdf, id=1362, page=2, 614.295pt x 794.97pt>
File: apendices/sbes2012.pdf Graphic file (type pdf)
 <use apendices/sbes2012.pdf, page 2>
Package pdftex.def Info: apendices/sbes2012.pdf, page2 used on input line 52.
(pdftex.def)             Requested size: 597.78697pt x 773.60669pt.
File: apendices/sbes2012.pdf Graphic file (type pdf)
 <use apendices/sbes2012.pdf, page 2>
Package pdftex.def Info: apendices/sbes2012.pdf, page2 used on input line 52.
(pdftex.def)             Requested size: 597.78697pt x 773.60669pt.
File: apendices/sbes2012.pdf Graphic file (type pdf)
 <use apendices/sbes2012.pdf, page 2>
Package pdftex.def Info: apendices/sbes2012.pdf, page2 used on input line 52.
(pdftex.def)             Requested size: 597.78697pt x 773.60669pt.
 [62 <./apendices/sbes2012.pdf>] <apendices/sbes2012.pdf, id=1419, page=3, 614.295pt x 794.97pt>
File: apendices/sbes2012.pdf Graphic file (type pdf)
 <use apendices/sbes2012.pdf, page 3>
Package pdftex.def Info: apendices/sbes2012.pdf, page3 used on input line 52.
(pdftex.def)             Requested size: 597.78697pt x 773.60669pt.
File: apendices/sbes2012.pdf Graphic file (type pdf)
 <use apendices/sbes2012.pdf, page 3>
Package pdftex.def Info: apendices/sbes2012.pdf, page3 used on input line 52.
(pdftex.def)             Requested size: 597.78697pt x 773.60669pt.
File: apendices/sbes2012.pdf Graphic file (type pdf)
 <use apendices/sbes2012.pdf, page 3>
Package pdftex.def Info: apendices/sbes2012.pdf, page3 used on input line 52.
(pdftex.def)             Requested size: 597.78697pt x 773.60669pt.
 [63 <./apendices/sbes2012.pdf>] <apendices/sbes2012.pdf, id=1423, page=4, 614.295pt x 794.97pt>
File: apendices/sbes2012.pdf Graphic file (type pdf)
 <use apendices/sbes2012.pdf, page 4>
Package pdftex.def Info: apendices/sbes2012.pdf, page4 used on input line 52.
(pdftex.def)             Requested size: 597.78697pt x 773.60669pt.
File: apendices/sbes2012.pdf Graphic file (type pdf)
 <use apendices/sbes2012.pdf, page 4>
Package pdftex.def Info: apendices/sbes2012.pdf, page4 used on input line 52.
(pdftex.def)             Requested size: 597.78697pt x 773.60669pt.
File: apendices/sbes2012.pdf Graphic file (type pdf)
 <use apendices/sbes2012.pdf, page 4>
Package pdftex.def Info: apendices/sbes2012.pdf, page4 used on input line 52.
(pdftex.def)             Requested size: 597.78697pt x 773.60669pt.
 [64 <./apendices/sbes2012.pdf>] <apendices/sbes2012.pdf, id=1478, page=5, 614.295pt x 794.97pt>
File: apendices/sbes2012.pdf Graphic file (type pdf)
 <use apendices/sbes2012.pdf, page 5>
Package pdftex.def Info: apendices/sbes2012.pdf, page5 used on input line 52.
(pdftex.def)             Requested size: 597.78697pt x 773.60669pt.
File: apendices/sbes2012.pdf Graphic file (type pdf)
 <use apendices/sbes2012.pdf, page 5>
Package pdftex.def Info: apendices/sbes2012.pdf, page5 used on input line 52.
(pdftex.def)             Requested size: 597.78697pt x 773.60669pt.
File: apendices/sbes2012.pdf Graphic file (type pdf)
 <use apendices/sbes2012.pdf, page 5>
Package pdftex.def Info: apendices/sbes2012.pdf, page5 used on input line 52.
(pdftex.def)             Requested size: 597.78697pt x 773.60669pt.
 [65 <./apendices/sbes2012.pdf>] <apendices/sbes2012.pdf, id=1497, page=6, 614.295pt x 794.97pt>
File: apendices/sbes2012.pdf Graphic file (type pdf)
 <use apendices/sbes2012.pdf, page 6>
Package pdftex.def Info: apendices/sbes2012.pdf, page6 used on input line 52.
(pdftex.def)             Requested size: 597.78697pt x 773.60669pt.
File: apendices/sbes2012.pdf Graphic file (type pdf)
 <use apendices/sbes2012.pdf, page 6>
Package pdftex.def Info: apendices/sbes2012.pdf, page6 used on input line 52.
(pdftex.def)             Requested size: 597.78697pt x 773.60669pt.
File: apendices/sbes2012.pdf Graphic file (type pdf)
 <use apendices/sbes2012.pdf, page 6>
Package pdftex.def Info: apendices/sbes2012.pdf, page6 used on input line 52.
(pdftex.def)             Requested size: 597.78697pt x 773.60669pt.
 [66 <./apendices/sbes2012.pdf>] <apendices/sbes2012.pdf, id=1502, page=7, 614.295pt x 794.97pt>
File: apendices/sbes2012.pdf Graphic file (type pdf)
 <use apendices/sbes2012.pdf, page 7>
Package pdftex.def Info: apendices/sbes2012.pdf, page7 used on input line 52.
(pdftex.def)             Requested size: 597.78697pt x 773.60669pt.
File: apendices/sbes2012.pdf Graphic file (type pdf)
 <use apendices/sbes2012.pdf, page 7>
Package pdftex.def Info: apendices/sbes2012.pdf, page7 used on input line 52.
(pdftex.def)             Requested size: 597.78697pt x 773.60669pt.
File: apendices/sbes2012.pdf Graphic file (type pdf)
 <use apendices/sbes2012.pdf, page 7>
Package pdftex.def Info: apendices/sbes2012.pdf, page7 used on input line 52.
(pdftex.def)             Requested size: 597.78697pt x 773.60669pt.
 [67 <./apendices/sbes2012.pdf>]
<apendices/sbes2012.pdf, id=1546, page=8, 614.295pt x 794.97pt>
File: apendices/sbes2012.pdf Graphic file (type pdf)
 <use apendices/sbes2012.pdf, page 8>
Package pdftex.def Info: apendices/sbes2012.pdf, page8 used on input line 52.
(pdftex.def)             Requested size: 597.78697pt x 773.60669pt.
File: apendices/sbes2012.pdf Graphic file (type pdf)
 <use apendices/sbes2012.pdf, page 8>
Package pdftex.def Info: apendices/sbes2012.pdf, page8 used on input line 52.
(pdftex.def)             Requested size: 597.78697pt x 773.60669pt.
File: apendices/sbes2012.pdf Graphic file (type pdf)
 <use apendices/sbes2012.pdf, page 8>
Package pdftex.def Info: apendices/sbes2012.pdf, page8 used on input line 52.
(pdftex.def)             Requested size: 597.78697pt x 773.60669pt.
 [68 <./apendices/sbes2012.pdf>] <apendices/sbes2012.pdf, id=1578, page=9, 614.295pt x 794.97pt>
File: apendices/sbes2012.pdf Graphic file (type pdf)
 <use apendices/sbes2012.pdf, page 9>
Package pdftex.def Info: apendices/sbes2012.pdf, page9 used on input line 52.
(pdftex.def)             Requested size: 597.78697pt x 773.60669pt.
File: apendices/sbes2012.pdf Graphic file (type pdf)
 <use apendices/sbes2012.pdf, page 9>
Package pdftex.def Info: apendices/sbes2012.pdf, page9 used on input line 52.
(pdftex.def)             Requested size: 597.78697pt x 773.60669pt.
File: apendices/sbes2012.pdf Graphic file (type pdf)
 <use apendices/sbes2012.pdf, page 9>
Package pdftex.def Info: apendices/sbes2012.pdf, page9 used on input line 52.
(pdftex.def)             Requested size: 597.78697pt x 773.60669pt.
 [69 <./apendices/sbes2012.pdf>] <apendices/sbes2012.pdf, id=1603, page=10, 614.295pt x 794.97pt>
File: apendices/sbes2012.pdf Graphic file (type pdf)
 <use apendices/sbes2012.pdf, page 10>
Package pdftex.def Info: apendices/sbes2012.pdf, page10 used on input line 52.
(pdftex.def)             Requested size: 597.78697pt x 773.60669pt.
File: apendices/sbes2012.pdf Graphic file (type pdf)
 <use apendices/sbes2012.pdf, page 10>
Package pdftex.def Info: apendices/sbes2012.pdf, page10 used on input line 52.
(pdftex.def)             Requested size: 597.78697pt x 773.60669pt.
File: apendices/sbes2012.pdf Graphic file (type pdf)
 <use apendices/sbes2012.pdf, page 10>
Package pdftex.def Info: apendices/sbes2012.pdf, page10 used on input line 52.
(pdftex.def)             Requested size: 597.78697pt x 773.60669pt.
 [70 <./apendices/sbes2012.pdf>] <apendices/comprovante_tools.pdf, id=1607, 513.92pt x 402.50375pt>
File: apendices/comprovante_tools.pdf Graphic file (type pdf)
 <use apendices/comprovante_tools.pdf>
Package pdftex.def Info: apendices/comprovante_tools.pdf used on input line 62.
(pdftex.def)             Requested size: 513.91873pt x 402.50276pt.
File: icmc.jpg Graphic file (type jpg)
 <use icmc.jpg>
Package pdftex.def Info: icmc.jpg used on input line 69.
(pdftex.def)             Requested size: 93.78726pt x 42.67912pt.
 [71 <./apendices/comprovante_tools.pdf>] <apendices/SBESFerramenta.pdf, id=1641, page=1, 597.50829pt x 845.0471pt>
File: apendices/SBESFerramenta.pdf Graphic file (type pdf)
 <use apendices/SBESFerramenta.pdf, page 1>
Package pdftex.def Info: apendices/SBESFerramenta.pdf, page1 used on input line 70.
(pdftex.def)             Requested size: 597.50682pt x 845.04504pt.
File: apendices/SBESFerramenta.pdf Graphic file (type pdf)
 <use apendices/SBESFerramenta.pdf, page 1>
Package pdftex.def Info: apendices/SBESFerramenta.pdf, page1 used on input line 70.
(pdftex.def)             Requested size: 593.51347pt x 839.39731pt.
File: apendices/SBESFerramenta.pdf Graphic file (type pdf)
 <use apendices/SBESFerramenta.pdf, page 1>
Package pdftex.def Info: apendices/SBESFerramenta.pdf, page1 used on input line 70.
(pdftex.def)             Requested size: 593.51347pt x 839.39731pt.
File: apendices/SBESFerramenta.pdf Graphic file (type pdf)
 <use apendices/SBESFerramenta.pdf, page 1>
Package pdftex.def Info: apendices/SBESFerramenta.pdf, page1 used on input line 70.
(pdftex.def)             Requested size: 593.51347pt x 839.39731pt.
File: apendices/SBESFerramenta.pdf Graphic file (type pdf)
 <use apendices/SBESFerramenta.pdf, page 1>
Package pdftex.def Info: apendices/SBESFerramenta.pdf, page1 used on input line 70.
(pdftex.def)             Requested size: 593.51347pt x 839.39731pt.
 [72

 <./apendices/SBESFerramenta.pdf>] <apendices/SBESFerramenta.pdf, id=1664, page=2, 597.50829pt x 845.0471pt>
File: apendices/SBESFerramenta.pdf Graphic file (type pdf)
 <use apendices/SBESFerramenta.pdf, page 2>
Package pdftex.def Info: apendices/SBESFerramenta.pdf, page2 used on input line 70.
(pdftex.def)             Requested size: 593.51347pt x 839.39731pt.
File: apendices/SBESFerramenta.pdf Graphic file (type pdf)
 <use apendices/SBESFerramenta.pdf, page 2>
Package pdftex.def Info: apendices/SBESFerramenta.pdf, page2 used on input line 70.
(pdftex.def)             Requested size: 593.51347pt x 839.39731pt.
File: apendices/SBESFerramenta.pdf Graphic file (type pdf)
 <use apendices/SBESFerramenta.pdf, page 2>
Package pdftex.def Info: apendices/SBESFerramenta.pdf, page2 used on input line 70.
(pdftex.def)             Requested size: 593.51347pt x 839.39731pt.
 [73 <./apendices/SBESFerramenta.pdf>] <apendices/SBESFerramenta.pdf, id=1668, page=3, 597.50829pt x 845.0471pt>
File: apendices/SBESFerramenta.pdf Graphic file (type pdf)
 <use apendices/SBESFerramenta.pdf, page 3>
Package pdftex.def Info: apendices/SBESFerramenta.pdf, page3 used on input line 70.
(pdftex.def)             Requested size: 593.51347pt x 839.39731pt.
File: apendices/SBESFerramenta.pdf Graphic file (type pdf)
 <use apendices/SBESFerramenta.pdf, page 3>
Package pdftex.def Info: apendices/SBESFerramenta.pdf, page3 used on input line 70.
(pdftex.def)             Requested size: 593.51347pt x 839.39731pt.
File: apendices/SBESFerramenta.pdf Graphic file (type pdf)
 <use apendices/SBESFerramenta.pdf, page 3>
Package pdftex.def Info: apendices/SBESFerramenta.pdf, page3 used on input line 70.
(pdftex.def)             Requested size: 593.51347pt x 839.39731pt.
 [74 <./apendices/SBESFerramenta.pdf>] <apendices/SBESFerramenta.pdf, id=2401, page=4, 597.50829pt x 845.0471pt>
File: apendices/SBESFerramenta.pdf Graphic file (type pdf)
 <use apendices/SBESFerramenta.pdf, page 4>
Package pdftex.def Info: apendices/SBESFerramenta.pdf, page4 used on input line 70.
(pdftex.def)             Requested size: 593.51347pt x 839.39731pt.
File: apendices/SBESFerramenta.pdf Graphic file (type pdf)
 <use apendices/SBESFerramenta.pdf, page 4>
Package pdftex.def Info: apendices/SBESFerramenta.pdf, page4 used on input line 70.
(pdftex.def)             Requested size: 593.51347pt x 839.39731pt.
File: apendices/SBESFerramenta.pdf Graphic file (type pdf)
 <use apendices/SBESFerramenta.pdf, page 4>
Package pdftex.def Info: apendices/SBESFerramenta.pdf, page4 used on input line 70.
(pdftex.def)             Requested size: 593.51347pt x 839.39731pt.
 [75 <./apendices/SBESFerramenta.pdf>] <apendices/SBESFerramenta.pdf, id=2517, page=5, 597.50829pt x 845.0471pt>
File: apendices/SBESFerramenta.pdf Graphic file (type pdf)
 <use apendices/SBESFerramenta.pdf, page 5>
Package pdftex.def Info: apendices/SBESFerramenta.pdf, page5 used on input line 70.
(pdftex.def)             Requested size: 593.51347pt x 839.39731pt.
File: apendices/SBESFerramenta.pdf Graphic file (type pdf)
 <use apendices/SBESFerramenta.pdf, page 5>
Package pdftex.def Info: apendices/SBESFerramenta.pdf, page5 used on input line 70.
(pdftex.def)             Requested size: 593.51347pt x 839.39731pt.
File: apendices/SBESFerramenta.pdf Graphic file (type pdf)
 <use apendices/SBESFerramenta.pdf, page 5>
Package pdftex.def Info: apendices/SBESFerramenta.pdf, page5 used on input line 70.
(pdftex.def)             Requested size: 593.51347pt x 839.39731pt.
 [76 <./apendices/SBESFerramenta.pdf>] <apendices/SBESFerramenta.pdf, id=2558, page=6, 597.50829pt x 845.0471pt>
File: apendices/SBESFerramenta.pdf Graphic file (type pdf)
 <use apendices/SBESFerramenta.pdf, page 6>
Package pdftex.def Info: apendices/SBESFerramenta.pdf, page6 used on input line 70.
(pdftex.def)             Requested size: 593.51347pt x 839.39731pt.
File: apendices/SBESFerramenta.pdf Graphic file (type pdf)
 <use apendices/SBESFerramenta.pdf, page 6>
Package pdftex.def Info: apendices/SBESFerramenta.pdf, page6 used on input line 70.
(pdftex.def)             Requested size: 593.51347pt x 839.39731pt.
File: apendices/SBESFerramenta.pdf Graphic file (type pdf)
 <use apendices/SBESFerramenta.pdf, page 6>
Package pdftex.def Info: apendices/SBESFerramenta.pdf, page6 used on input line 70.
(pdftex.def)             Requested size: 593.51347pt x 839.39731pt.
 [77 <./apendices/SBESFerramenta.pdf>]
File: icmc.jpg Graphic file (type jpg)
 <use icmc.jpg>
Package pdftex.def Info: icmc.jpg used on input line 78.
(pdftex.def)             Requested size: 93.78726pt x 42.67912pt.
 [78] <apendices/comprovante_acmsac.pdf, id=2572, page=1, 471.7625pt x 665.48625pt>
File: apendices/comprovante_acmsac.pdf Graphic file (type pdf)
 <use apendices/comprovante_acmsac.pdf, page 1>
Package pdftex.def Info: apendices/comprovante_acmsac.pdf, page1 used on input line 78.
(pdftex.def)             Requested size: 471.76134pt x 665.48462pt.
File: apendices/comprovante_acmsac.pdf Graphic file (type pdf)
 <use apendices/comprovante_acmsac.pdf, page 1>
Package pdftex.def Info: apendices/comprovante_acmsac.pdf, page1 used on input line 78.
(pdftex.def)             Requested size: 595.44608pt x 839.95905pt.
File: apendices/comprovante_acmsac.pdf Graphic file (type pdf)
 <use apendices/comprovante_acmsac.pdf, page 1>
Package pdftex.def Info: apendices/comprovante_acmsac.pdf, page1 used on input line 78.
(pdftex.def)             Requested size: 595.44608pt x 839.95905pt.
File: apendices/comprovante_acmsac.pdf Graphic file (type pdf)
 <use apendices/comprovante_acmsac.pdf, page 1>
Package pdftex.def Info: apendices/comprovante_acmsac.pdf, page1 used on input line 78.
(pdftex.def)             Requested size: 595.44608pt x 839.95905pt.
File: apendices/comprovante_acmsac.pdf Graphic file (type pdf)
 <use apendices/comprovante_acmsac.pdf, page 1>
Package pdftex.def Info: apendices/comprovante_acmsac.pdf, page1 used on input line 78.
(pdftex.def)             Requested size: 595.44608pt x 839.95905pt.
 [79 <./apendices/comprovante_acmsac.pdf>] <apendices/comprovante_acmsac.pdf, id=2594, page=2, 614.295pt x 794.97pt>
File: apendices/comprovante_acmsac.pdf Graphic file (type pdf)
 <use apendices/comprovante_acmsac.pdf, page 2>
Package pdftex.def Info: apendices/comprovante_acmsac.pdf, page2 used on input line 78.
(pdftex.def)             Requested size: 775.3468pt x 1003.39001pt.
File: apendices/comprovante_acmsac.pdf Graphic file (type pdf)
 <use apendices/comprovante_acmsac.pdf, page 2>
Package pdftex.def Info: apendices/comprovante_acmsac.pdf, page2 used on input line 78.
(pdftex.def)             Requested size: 775.3468pt x 1003.39001pt.
File: apendices/comprovante_acmsac.pdf Graphic file (type pdf)
 <use apendices/comprovante_acmsac.pdf, page 2>
Package pdftex.def Info: apendices/comprovante_acmsac.pdf, page2 used on input line 78.
(pdftex.def)             Requested size: 775.3468pt x 1003.39001pt.
 [80 <./apendices/comprovante_acmsac.pdf>] <apendices/comprovante_acmsac.pdf, id=2621, page=3, 597.23125pt x 845.1575pt>
File: apendices/comprovante_acmsac.pdf Graphic file (type pdf)
 <use apendices/comprovante_acmsac.pdf, page 3>
Package pdftex.def Info: apendices/comprovante_acmsac.pdf, page3 used on input line 78.
(pdftex.def)             Requested size: 753.8094pt x 1066.73534pt.
File: apendices/comprovante_acmsac.pdf Graphic file (type pdf)
 <use apendices/comprovante_acmsac.pdf, page 3>
Package pdftex.def Info: apendices/comprovante_acmsac.pdf, page3 used on input line 78.
(pdftex.def)             Requested size: 753.8094pt x 1066.73534pt.
File: apendices/comprovante_acmsac.pdf Graphic file (type pdf)
 <use apendices/comprovante_acmsac.pdf, page 3>
Package pdftex.def Info: apendices/comprovante_acmsac.pdf, page3 used on input line 78.
(pdftex.def)             Requested size: 753.8094pt x 1066.73534pt.
 [81 <./apendices/comprovante_acmsac.pdf>] <apendices/comprovante_acmsac.pdf, id=2626, page=4, 597.23125pt x 845.1575pt>
File: apendices/comprovante_acmsac.pdf Graphic file (type pdf)
 <use apendices/comprovante_acmsac.pdf, page 4>
Package pdftex.def Info: apendices/comprovante_acmsac.pdf, page4 used on input line 78.
(pdftex.def)             Requested size: 753.8094pt x 1066.73534pt.
File: apendices/comprovante_acmsac.pdf Graphic file (type pdf)
 <use apendices/comprovante_acmsac.pdf, page 4>
Package pdftex.def Info: apendices/comprovante_acmsac.pdf, page4 used on input line 78.
(pdftex.def)             Requested size: 753.8094pt x 1066.73534pt.
File: apendices/comprovante_acmsac.pdf Graphic file (type pdf)
 <use apendices/comprovante_acmsac.pdf, page 4>
Package pdftex.def Info: apendices/comprovante_acmsac.pdf, page4 used on input line 78.
(pdftex.def)             Requested size: 753.8094pt x 1066.73534pt.
 [82 <./apendices/comprovante_acmsac.pdf>]
File: icmc.jpg Graphic file (type jpg)
 <use icmc.jpg>
Package pdftex.def Info: icmc.jpg used on input line 84.
(pdftex.def)             Requested size: 93.78726pt x 42.67912pt.
 [83] <apendices/acmSac2013.pdf, id=2636, page=1, 614.295pt x 794.97pt>
File: apendices/acmSac2013.pdf Graphic file (type pdf)
 <use apendices/acmSac2013.pdf, page 1>
Package pdftex.def Info: apendices/acmSac2013.pdf, page1 used on input line 85.
(pdftex.def)             Requested size: 614.29349pt x 794.96806pt.
File: apendices/acmSac2013.pdf Graphic file (type pdf)
 <use apendices/acmSac2013.pdf, page 1>
Package pdftex.def Info: apendices/acmSac2013.pdf, page1 used on input line 85.
(pdftex.def)             Requested size: 597.78697pt x 773.60669pt.
File: apendices/acmSac2013.pdf Graphic file (type pdf)
 <use apendices/acmSac2013.pdf, page 1>
Package pdftex.def Info: apendices/acmSac2013.pdf, page1 used on input line 85.
(pdftex.def)             Requested size: 597.78697pt x 773.60669pt.
File: apendices/acmSac2013.pdf Graphic file (type pdf)
 <use apendices/acmSac2013.pdf, page 1>
Package pdftex.def Info: apendices/acmSac2013.pdf, page1 used on input line 85.
(pdftex.def)             Requested size: 597.78697pt x 773.60669pt.
File: apendices/acmSac2013.pdf Graphic file (type pdf)
 <use apendices/acmSac2013.pdf, page 1>
Package pdftex.def Info: apendices/acmSac2013.pdf, page1 used on input line 85.
(pdftex.def)             Requested size: 597.78697pt x 773.60669pt.
 [84

 <./apendices/acmSac2013.pdf>] <apendices/acmSac2013.pdf, id=2670, page=2, 614.295pt x 794.97pt>
File: apendices/acmSac2013.pdf Graphic file (type pdf)
 <use apendices/acmSac2013.pdf, page 2>
Package pdftex.def Info: apendices/acmSac2013.pdf, page2 used on input line 85.
(pdftex.def)             Requested size: 597.78697pt x 773.60669pt.
File: apendices/acmSac2013.pdf Graphic file (type pdf)
 <use apendices/acmSac2013.pdf, page 2>
Package pdftex.def Info: apendices/acmSac2013.pdf, page2 used on input line 85.
(pdftex.def)             Requested size: 597.78697pt x 773.60669pt.
File: apendices/acmSac2013.pdf Graphic file (type pdf)
 <use apendices/acmSac2013.pdf, page 2>
Package pdftex.def Info: apendices/acmSac2013.pdf, page2 used on input line 85.
(pdftex.def)             Requested size: 597.78697pt x 773.60669pt.
 [85 <./apendices/acmSac2013.pdf>] <apendices/acmSac2013.pdf, id=2701, page=3, 614.295pt x 794.97pt>
File: apendices/acmSac2013.pdf Graphic file (type pdf)
 <use apendices/acmSac2013.pdf, page 3>
Package pdftex.def Info: apendices/acmSac2013.pdf, page3 used on input line 85.
(pdftex.def)             Requested size: 597.78697pt x 773.60669pt.
File: apendices/acmSac2013.pdf Graphic file (type pdf)
 <use apendices/acmSac2013.pdf, page 3>
Package pdftex.def Info: apendices/acmSac2013.pdf, page3 used on input line 85.
(pdftex.def)             Requested size: 597.78697pt x 773.60669pt.
File: apendices/acmSac2013.pdf Graphic file (type pdf)
 <use apendices/acmSac2013.pdf, page 3>
Package pdftex.def Info: apendices/acmSac2013.pdf, page3 used on input line 85.
(pdftex.def)             Requested size: 597.78697pt x 773.60669pt.
 [86 <./apendices/acmSac2013.pdf>] <apendices/acmSac2013.pdf, id=2708, page=4, 614.295pt x 794.97pt>
File: apendices/acmSac2013.pdf Graphic file (type pdf)
 <use apendices/acmSac2013.pdf, page 4>
Package pdftex.def Info: apendices/acmSac2013.pdf, page4 used on input line 85.
(pdftex.def)             Requested size: 597.78697pt x 773.60669pt.
File: apendices/acmSac2013.pdf Graphic file (type pdf)
 <use apendices/acmSac2013.pdf, page 4>
Package pdftex.def Info: apendices/acmSac2013.pdf, page4 used on input line 85.
(pdftex.def)             Requested size: 597.78697pt x 773.60669pt.
File: apendices/acmSac2013.pdf Graphic file (type pdf)
 <use apendices/acmSac2013.pdf, page 4>
Package pdftex.def Info: apendices/acmSac2013.pdf, page4 used on input line 85.
(pdftex.def)             Requested size: 597.78697pt x 773.60669pt.
 [87 <./apendices/acmSac2013.pdf>] <apendices/acmSac2013.pdf, id=2732, page=5, 614.295pt x 794.97pt>
File: apendices/acmSac2013.pdf Graphic file (type pdf)
 <use apendices/acmSac2013.pdf, page 5>
Package pdftex.def Info: apendices/acmSac2013.pdf, page5 used on input line 85.
(pdftex.def)             Requested size: 597.78697pt x 773.60669pt.
File: apendices/acmSac2013.pdf Graphic file (type pdf)
 <use apendices/acmSac2013.pdf, page 5>
Package pdftex.def Info: apendices/acmSac2013.pdf, page5 used on input line 85.
(pdftex.def)             Requested size: 597.78697pt x 773.60669pt.
File: apendices/acmSac2013.pdf Graphic file (type pdf)
 <use apendices/acmSac2013.pdf, page 5>
Package pdftex.def Info: apendices/acmSac2013.pdf, page5 used on input line 85.
(pdftex.def)             Requested size: 597.78697pt x 773.60669pt.
 [88 <./apendices/acmSac2013.pdf>] <apendices/acmSac2013.pdf, id=2754, page=6, 614.295pt x 794.97pt>
File: apendices/acmSac2013.pdf Graphic file (type pdf)
 <use apendices/acmSac2013.pdf, page 6>
Package pdftex.def Info: apendices/acmSac2013.pdf, page6 used on input line 85.
(pdftex.def)             Requested size: 597.78697pt x 773.60669pt.
File: apendices/acmSac2013.pdf Graphic file (type pdf)
 <use apendices/acmSac2013.pdf, page 6>
Package pdftex.def Info: apendices/acmSac2013.pdf, page6 used on input line 85.
(pdftex.def)             Requested size: 597.78697pt x 773.60669pt.
File: apendices/acmSac2013.pdf Graphic file (type pdf)
 <use apendices/acmSac2013.pdf, page 6>
Package pdftex.def Info: apendices/acmSac2013.pdf, page6 used on input line 85.
(pdftex.def)             Requested size: 597.78697pt x 773.60669pt.
 [89 <./apendices/acmSac2013.pdf>] <apendices/acmSac2013.pdf, id=3225, page=7, 614.295pt x 794.97pt>
File: apendices/acmSac2013.pdf Graphic file (type pdf)
 <use apendices/acmSac2013.pdf, page 7>
Package pdftex.def Info: apendices/acmSac2013.pdf, page7 used on input line 85.
(pdftex.def)             Requested size: 597.78697pt x 773.60669pt.
File: apendices/acmSac2013.pdf Graphic file (type pdf)
 <use apendices/acmSac2013.pdf, page 7>
Package pdftex.def Info: apendices/acmSac2013.pdf, page7 used on input line 85.
(pdftex.def)             Requested size: 597.78697pt x 773.60669pt.
File: apendices/acmSac2013.pdf Graphic file (type pdf)
 <use apendices/acmSac2013.pdf, page 7>
Package pdftex.def Info: apendices/acmSac2013.pdf, page7 used on input line 85.
(pdftex.def)             Requested size: 597.78697pt x 773.60669pt.
 [90 <./apendices/acmSac2013.pdf>] <apendices/acmSac2013.pdf, id=3230, page=8, 614.295pt x 794.97pt>
File: apendices/acmSac2013.pdf Graphic file (type pdf)
 <use apendices/acmSac2013.pdf, page 8>
Package pdftex.def Info: apendices/acmSac2013.pdf, page8 used on input line 85.
(pdftex.def)             Requested size: 597.78697pt x 773.60669pt.
File: apendices/acmSac2013.pdf Graphic file (type pdf)
 <use apendices/acmSac2013.pdf, page 8>
Package pdftex.def Info: apendices/acmSac2013.pdf, page8 used on input line 85.
(pdftex.def)             Requested size: 597.78697pt x 773.60669pt.
File: apendices/acmSac2013.pdf Graphic file (type pdf)
 <use apendices/acmSac2013.pdf, page 8>
Package pdftex.def Info: apendices/acmSac2013.pdf, page8 used on input line 85.
(pdftex.def)             Requested size: 597.78697pt x 773.60669pt.
 [91 <./apendices/acmSac2013.pdf>] <apendices/comprovante_lawasp.pdf, id=3234, 457.71pt x 263.98625pt>
File: apendices/comprovante_lawasp.pdf Graphic file (type pdf)
 <use apendices/comprovante_lawasp.pdf>
Package pdftex.def Info: apendices/comprovante_lawasp.pdf used on input line 95.
(pdftex.def)             Requested size: 457.7089pt x 263.9856pt.
File: icmc.jpg Graphic file (type jpg)
 <use icmc.jpg>
Package pdftex.def Info: icmc.jpg used on input line 102.
(pdftex.def)             Requested size: 93.78726pt x 42.67912pt.
 [92 <./apendices/comprovante_lawasp.pdf>] <apendices/laWasp2012Poster.pdf, id=3268, page=1, 597.50829pt x 845.0471pt>
File: apendices/laWasp2012Poster.pdf Graphic file (type pdf)
 <use apendices/laWasp2012Poster.pdf, page 1>
Package pdftex.def Info: apendices/laWasp2012Poster.pdf, page1 used on input line 103.
(pdftex.def)             Requested size: 597.50682pt x 845.04504pt.
File: apendices/laWasp2012Poster.pdf Graphic file (type pdf)
 <use apendices/laWasp2012Poster.pdf, page 1>
Package pdftex.def Info: apendices/laWasp2012Poster.pdf, page1 used on input line 103.
(pdftex.def)             Requested size: 593.51347pt x 839.39731pt.
File: apendices/laWasp2012Poster.pdf Graphic file (type pdf)
 <use apendices/laWasp2012Poster.pdf, page 1>
Package pdftex.def Info: apendices/laWasp2012Poster.pdf, page1 used on input line 103.
(pdftex.def)             Requested size: 593.51347pt x 839.39731pt.
File: apendices/laWasp2012Poster.pdf Graphic file (type pdf)
 <use apendices/laWasp2012Poster.pdf, page 1>
Package pdftex.def Info: apendices/laWasp2012Poster.pdf, page1 used on input line 103.
(pdftex.def)             Requested size: 593.51347pt x 839.39731pt.
File: apendices/laWasp2012Poster.pdf Graphic file (type pdf)
 <use apendices/laWasp2012Poster.pdf, page 1>
Package pdftex.def Info: apendices/laWasp2012Poster.pdf, page1 used on input line 103.
(pdftex.def)             Requested size: 593.51347pt x 839.39731pt.
 [93

 <./apendices/laWasp2012Poster.pdf>] <apendices/laWasp2012Poster.pdf, id=3295, page=2, 597.50829pt x 845.0471pt>
File: apendices/laWasp2012Poster.pdf Graphic file (type pdf)
 <use apendices/laWasp2012Poster.pdf, page 2>
Package pdftex.def Info: apendices/laWasp2012Poster.pdf, page2 used on input line 103.
(pdftex.def)             Requested size: 593.51347pt x 839.39731pt.
File: apendices/laWasp2012Poster.pdf Graphic file (type pdf)
 <use apendices/laWasp2012Poster.pdf, page 2>
Package pdftex.def Info: apendices/laWasp2012Poster.pdf, page2 used on input line 103.
(pdftex.def)             Requested size: 593.51347pt x 839.39731pt.
File: apendices/laWasp2012Poster.pdf Graphic file (type pdf)

<use apendices/laWasp2012Poster.pdf, page 2>
Package pdftex.def Info: apendices/laWasp2012Poster.pdf, page2 used on input line 103.
(pdftex.def)             Requested size: 593.51347pt x 839.39731pt.
 [94 <./apendices/laWasp2012Poster.pdf>]
File: icmc.jpg Graphic file (type jpg)
 <use icmc.jpg>
Package pdftex.def Info: icmc.jpg used on input line 109.
(pdftex.def)             Requested size: 93.78726pt x 42.67912pt.
 [95] <apendices/Ficha_do_Aluno.pdf, id=3363, page=1, 597.23125pt x 845.1575pt>
File: apendices/Ficha_do_Aluno.pdf Graphic file (type pdf)
 <use apendices/Ficha_do_Aluno.pdf, page 1>
Package pdftex.def Info: apendices/Ficha_do_Aluno.pdf, page1 used on input line 109.
(pdftex.def)             Requested size: 597.22978pt x 845.15544pt.
File: apendices/Ficha_do_Aluno.pdf Graphic file (type pdf)
 <use apendices/Ficha_do_Aluno.pdf, page 1>
Package pdftex.def Info: apendices/Ficha_do_Aluno.pdf, page1 used on input line 109.
(pdftex.def)             Requested size: 593.23828pt x 839.50696pt.
File: apendices/Ficha_do_Aluno.pdf Graphic file (type pdf)
 <use apendices/Ficha_do_Aluno.pdf, page 1>
Package pdftex.def Info: apendices/Ficha_do_Aluno.pdf, page1 used on input line 109.
(pdftex.def)             Requested size: 593.23828pt x 839.50696pt.
File: apendices/Ficha_do_Aluno.pdf Graphic file (type pdf)
 <use apendices/Ficha_do_Aluno.pdf, page 1>
Package pdftex.def Info: apendices/Ficha_do_Aluno.pdf, page1 used on input line 109.
(pdftex.def)             Requested size: 593.23828pt x 839.50696pt.
File: apendices/Ficha_do_Aluno.pdf Graphic file (type pdf)
 <use apendices/Ficha_do_Aluno.pdf, page 1>
Package pdftex.def Info: apendices/Ficha_do_Aluno.pdf, page1 used on input line 109.
(pdftex.def)             Requested size: 593.23828pt x 839.50696pt.
 [96 <./apendices/Ficha_do_Aluno.pdf>] <apendices/Ficha_do_Aluno.pdf, id=3395, page=2, 597.23125pt x 845.1575pt>
File: apendices/Ficha_do_Aluno.pdf Graphic file (type pdf)
 <use apendices/Ficha_do_Aluno.pdf, page 2>
Package pdftex.def Info: apendices/Ficha_do_Aluno.pdf, page2 used on input line 109.
(pdftex.def)             Requested size: 593.23828pt x 839.50696pt.
File: apendices/Ficha_do_Aluno.pdf Graphic file (type pdf)
 <use apendices/Ficha_do_Aluno.pdf, page 2>
Package pdftex.def Info: apendices/Ficha_do_Aluno.pdf, page2 used on input line 109.
(pdftex.def)             Requested size: 593.23828pt x 839.50696pt.
File: apendices/Ficha_do_Aluno.pdf Graphic file (type pdf)
 <use apendices/Ficha_do_Aluno.pdf, page 2>
Package pdftex.def Info: apendices/Ficha_do_Aluno.pdf, page2 used on input line 109.
(pdftex.def)             Requested size: 593.23828pt x 839.50696pt.
 [97 <./apendices/Ficha_do_Aluno.pdf>])

Package natbib Warning: There were undefined citations.

(./TSWLatexianTemp_000001.aux

Package natbib Warning: Citation(s) may have changed.
(natbib)                Rerun to get citations correct.

)

LaTeX Font Warning: Size substitutions with differences
(Font)              up to 0.72pt have occurred.


LaTeX Warning: There were undefined references.


LaTeX Warning: There were multiply-defined labels.

 ) 
Here is how much of TeX's memory you used:
 7916 strings out of 493315
 117086 string characters out of 6137904
 201536 words of memory out of 5000000
 11103 multiletter control sequences out of 15000+600000
 27296 words of font info for 55 fonts, out of 8000000 for 9000
 957 hyphenation exceptions out of 8191
 47i,18n,47p,1794b,1163s stack positions out of 5000i,500n,10000p,200000b,80000s
{/usr/local/texlive/2013/texmf-dist/fonts/enc/dvips/cm-super/cm-super-t1.enc}</usr/local/texlive/2013/texmf-dist/fonts/type1/public/amsfonts/cm/cmbx10.pfb></usr/local/texlive/2013/texmf-dist/fonts/type1/public/amsfonts/cm/cmbx12.pfb></usr/local/texlive/2013/texmf-dist/fonts/type1/public/amsfonts/cm/cmbx9.pfb></usr/local/texlive/2013/texmf-dist/fonts/type1/public/amsfonts/cm/cmbxti10.pfb></usr/local/texlive/2013/texmf-dist/fonts/type1/public/amsfonts/cm/cmmi6.pfb></usr/local/texlive/2013/texmf-dist/fonts/type1/public/amsfonts/cm/cmmi7.pfb></usr/local/texlive/2013/texmf-dist/fonts/type1/public/amsfonts/cm/cmmi8.pfb></usr/local/texlive/2013/texmf-dist/fonts/type1/public/amsfonts/cm/cmr10.pfb></usr/local/texlive/2013/texmf-dist/fonts/type1/public/amsfonts/cm/cmr5.pfb></usr/local/texlive/2013/texmf-dist/fonts/type1/public/amsfonts/cm/cmr6.pfb></usr/local/texlive/2013/texmf-dist/fonts/type1/public/amsfonts/cm/cmr7.pfb></usr/local/texlive/2013/texmf-dist/fonts/type1/public/amsfonts/cm/cmr8.pfb></usr/local/texlive/2013/texmf-dist/fonts/type1/public/amsfonts/cm/cmr9.pfb></usr/local/texlive/2013/texmf-dist/fonts/type1/public/amsfonts/cm/cmsy10.pfb></usr/local/texlive/2013/texmf-dist/fonts/type1/public/amsfonts/cm/cmsy5.pfb></usr/local/texlive/2013/texmf-dist/fonts/type1/public/amsfonts/cm/cmsy6.pfb></usr/local/texlive/2013/texmf-dist/fonts/type1/public/amsfonts/cm/cmsy7.pfb></usr/local/texlive/2013/texmf-dist/fonts/type1/public/amsfonts/cm/cmsy8.pfb></usr/local/texlive/2013/texmf-dist/fonts/type1/public/amsfonts/cm/cmsy9.pfb></usr/local/texlive/2013/texmf-dist/fonts/type1/public/amsfonts/cm/cmti10.pfb></usr/local/texlive/2013/texmf-dist/fonts/type1/public/amsfonts/cm/cmti7.pfb></usr/local/texlive/2013/texmf-dist/fonts/type1/public/amsfonts/cm/cmti9.pfb></usr/local/texlive/2013/texmf-dist/fonts/type1/public/amsfonts/cm/cmtt9.pfb></usr/local/texlive/2013/texmf-dist/fonts/type1/public/cm-super/sfbi1095.pfb></usr/local/texlive/2013/texmf-dist/fonts/type1/public/cm-super/sfbi1200.pfb></usr/local/texlive/2013/texmf-dist/fonts/type1/public/cm-super/sfbx0600.pfb></usr/local/texlive/2013/texmf-dist/fonts/type1/public/cm-super/sfbx1000.pfb></usr/local/texlive/2013/texmf-dist/fonts/type1/public/cm-super/sfbx1095.pfb></usr/local/texlive/2013/texmf-dist/fonts/type1/public/cm-super/sfbx1200.pfb></usr/local/texlive/2013/texmf-dist/fonts/type1/public/cm-super/sfbx1440.pfb></usr/local/texlive/2013/texmf-dist/fonts/type1/public/cm-super/sfcc1095.pfb></usr/local/texlive/2013/texmf-dist/fonts/type1/public/cm-super/sfrm0600.pfb></usr/local/texlive/2013/texmf-dist/fonts/type1/public/cm-super/sfrm0800.pfb></usr/local/texlive/2013/texmf-dist/fonts/type1/public/cm-super/sfrm0900.pfb></usr/local/texlive/2013/texmf-dist/fonts/type1/public/cm-super/sfrm1000.pfb></usr/local/texlive/2013/texmf-dist/fonts/type1/public/cm-super/sfrm1095.pfb></usr/local/texlive/2013/texmf-dist/fonts/type1/public/cm-super/sfsx0800.pfb></usr/local/texlive/2013/texmf-dist/fonts/type1/public/cm-super/sfsx1000.pfb></usr/local/texlive/2013/texmf-dist/fonts/type1/public/cm-super/sfsx1728.pfb></usr/local/texlive/2013/texmf-dist/fonts/type1/public/cm-super/sfti0600.pfb></usr/local/texlive/2013/texmf-dist/fonts/type1/public/cm-super/sfti0900.pfb></usr/local/texlive/2013/texmf-dist/fonts/type1/public/cm-super/sfti1000.pfb></usr/local/texlive/2013/texmf-dist/fonts/type1/public/cm-super/sfti1095.pfb></usr/local/texlive/2013/texmf-dist/fonts/type1/public/cm-super/sftt0900.pfb></usr/local/texlive/2013/texmf-dist/fonts/type1/public/cm-super/sftt1095.pfb></usr/local/texlive/2013/texmf-dist/fonts/type1/urw/courier/ucrr8a.pfb></usr/local/texlive/2013/texmf-dist/fonts/type1/urw/helvetic/uhvb8a.pfb></usr/local/texlive/2013/texmf-dist/fonts/type1/urw/helvetic/uhvbo8a.pfb></usr/local/texlive/2013/texmf-dist/fonts/type1/urw/helvetic/uhvr8a.pfb></usr/local/texlive/2013/texmf-dist/fonts/type1/urw/times/utmb8a.pfb></usr/local/texlive/2013/texmf-dist/fonts/type1/urw/times/utmbi8a.pfb></usr/local/texlive/2013/texmf-dist/fonts/type1/urw/times/utmr8a.pfb></usr/local/texlive/2013/texmf-dist/fonts/type1/urw/times/utmri8a.pfb></usr/local/texlive/2013/texmf-dist/fonts/type1/urw/zapfding/uzdr.pfb>
Output written on TSWLatexianTemp_000001.pdf (98 pages, 8686880 bytes).
PDF statistics:
 3519 PDF objects out of 3580 (max. 8388607)
 2349 compressed objects within 24 object streams
 0 named destinations out of 1000 (max. 500000)
 431 words of extra memory for PDF output out of 10000 (max. 10000000)

